#-----------------------------------------------------------
# Vivado v2023.1 (64-bit)
# SW Build 3865809 on Sun May  7 15:04:56 MDT 2023
# IP Build 3864474 on Sun May  7 20:36:21 MDT 2023
# SharedData Build 3865790 on Sun May 07 13:33:03 MDT 2023
# Start of session at: Tue Jan  9 10:50:14 2024
# Process ID: 4089432
# Current directory: /media/alinx/nvme4t/yang/course_s3_tcl/ax7010/03_average_float/vivado/auto_create_project/hls/average_float/average_float/solution1/impl/ip
# Command line: vivado -notrace -mode batch -source run_ippack.tcl
# Log file: /media/alinx/nvme4t/yang/course_s3_tcl/ax7010/03_average_float/vivado/auto_create_project/hls/average_float/average_float/solution1/impl/ip/vivado.log
# Journal file: /media/alinx/nvme4t/yang/course_s3_tcl/ax7010/03_average_float/vivado/auto_create_project/hls/average_float/average_float/solution1/impl/ip/vivado.jou
# Running On: alinx-System-Product-Name, OS: Linux, CPU Frequency: 2994.153 MHz, CPU Physical cores: 32, Host memory: 134221 MB
#-----------------------------------------------------------
Sourcing tcl script '/home/alinx/Xilinx/Vivado/2023.1/scripts/Vivado_init.tcl'
445 Beta devices matching pattern found, 86 enabled.
enable_beta_device: Time (s): cpu = 00:00:10 ; elapsed = 00:00:10 . Memory (MB): peak = 2329.586 ; gain = 130.934 ; free physical = 36079 ; free virtual = 106042
source run_ippack.tcl -notrace
INFO: [IP_Flow 19-234] Refreshing IP repositories
INFO: [IP_Flow 19-1704] No user IP repositories specified
INFO: [IP_Flow 19-2313] Loaded Vivado IP repository '/home/alinx/Xilinx/Vivado/2023.1/data/ip'.
INFO: [IP_Flow 19-1686] Generating 'Synthesis' target for IP 'average_float_dadd_64ns_64ns_64_7_full_dsp_1_ip'...
INFO: [IP_Flow 19-1686] Generating 'Simulation' target for IP 'average_float_dadd_64ns_64ns_64_7_full_dsp_1_ip'...
INFO: [IP_Flow 19-1686] Generating 'Synthesis' target for IP 'average_float_ddiv_64ns_64ns_64_31_no_dsp_1_ip'...
INFO: [IP_Flow 19-1686] Generating 'Simulation' target for IP 'average_float_ddiv_64ns_64ns_64_31_no_dsp_1_ip'...
INFO: [IP_Flow 19-1686] Generating 'Synthesis' target for IP 'average_float_fpext_32ns_64_2_no_dsp_1_ip'...
INFO: [IP_Flow 19-1686] Generating 'Simulation' target for IP 'average_float_fpext_32ns_64_2_no_dsp_1_ip'...
INFO: [IP_Flow 19-1686] Generating 'Synthesis' target for IP 'average_float_fptrunc_64ns_32_2_no_dsp_1_ip'...
INFO: [IP_Flow 19-1686] Generating 'Simulation' target for IP 'average_float_fptrunc_64ns_32_2_no_dsp_1_ip'...
INFO: [IP_Flow 19-1686] Generating 'Synthesis' target for IP 'average_float_sitodp_32s_64_5_no_dsp_1_ip'...
INFO: [IP_Flow 19-1686] Generating 'Simulation' target for IP 'average_float_sitodp_32s_64_5_no_dsp_1_ip'...
INFO: [IP_Flow 19-234] Refreshing IP repositories
INFO: [IP_Flow 19-1704] No user IP repositories specified
INFO: [IP_Flow 19-2313] Loaded Vivado IP repository '/home/alinx/Xilinx/Vivado/2023.1/data/ip'.
INFO: [Common 17-206] Exiting Vivado at Tue Jan  9 10:50:33 2024...
