==============================================================
Vitis HLS - High-Level Synthesis from C, C++ and OpenCL v2023.1 (64-bit)
Tool Version Limit: 2023.05
Copyright 1986-2022 Xilinx, Inc. All Rights Reserved.
Copyright 2022-2023 Advanced Micro Devices, Inc. All Rights Reserved.

==============================================================
INFO: [HLS 200-1505] Using flow_target 'vivado'
INFO: [HLS 200-1510] Running: set_part xc7z020clg484-2 
INFO: [HLS 200-1611] Setting target device to 'xc7z020-clg484-2'
INFO: [HLS 200-1510] Running: create_clock -period 10 -name default 
INFO: [SYN 201-201] Setting up clock 'default' with a period of 10ns.
INFO: [HLS 200-1510] Running: csynth_design 
INFO: [HLS 200-111] Finished File checks and directory preparation: CPU user time: 0.02 seconds. CPU system time: 0 seconds. Elapsed time: 0.03 seconds; current allocated memory: 1.336 GB.
INFO: [HLS 200-10] Analyzing design file 'source/sobel_focus.cpp' ... 
WARNING: [HLS 207-5533] 'factor' in '#pragma HLS array_reshape' is ignored (/media/alinx/nvme4t/yang/Vitis_Libraries-main/vision/L1/include/common/xf_video_mem.hpp:759:47)
WARNING: [HLS 207-5544] Invalid variable in '#pragma HLS stream': expect variable to have 'hls::stream or array' type (source/sobel_focus.cpp:130:50)
WARNING: [HLS 207-5544] Invalid variable in '#pragma HLS stream': expect variable to have 'hls::stream or array' type (source/sobel_focus.cpp:131:50)
WARNING: [HLS 207-5544] Invalid variable in '#pragma HLS stream': expect variable to have 'hls::stream or array' type (source/sobel_focus.cpp:132:50)
WARNING: [HLS 207-5544] Invalid variable in '#pragma HLS stream': expect variable to have 'hls::stream or array' type (source/sobel_focus.cpp:134:50)
WARNING: [HLS 207-5544] Invalid variable in '#pragma HLS stream': expect variable to have 'hls::stream or array' type (source/sobel_focus.cpp:135:50)
WARNING: [HLS 207-5544] Invalid variable in '#pragma HLS stream': expect variable to have 'hls::stream or array' type (source/sobel_focus.cpp:136:50)
WARNING: [HLS 207-5544] Invalid variable in '#pragma HLS stream': expect variable to have 'hls::stream or array' type (source/sobel_focus.cpp:137:50)
WARNING: [HLS 214-113] Either use an argument of the function or declare the variable inside the dataflow loop body (source/sobel_focus.cpp:144:52)
WARNING: [HLS 200-471] Dataflow form checks found 1 issue(s) in file source/sobel_focus.cpp
WARNING: [HLS 207-4074] variable templates are a C++14 extension (/home/alinx/Xilinx/Vitis_HLS/2023.1/common/technology/autopilot/ap_axi_sdata.h:51:45)
WARNING: [HLS 207-4074] variable templates are a C++14 extension (/home/alinx/Xilinx/Vitis_HLS/2023.1/common/technology/autopilot/ap_axi_sdata.h:61:23)
WARNING: [HLS 207-5292] unused parameter 'src' (/media/alinx/nvme4t/yang/Vitis_Libraries-main/vision/L1/include/common/xf_structs.hpp:517:30)
WARNING: [HLS 207-5292] unused parameter '_data' (/media/alinx/nvme4t/yang/Vitis_Libraries-main/vision/L1/include/common/xf_structs.hpp:528:30)
WARNING: [HLS 207-5292] unused parameter 'index' (/media/alinx/nvme4t/yang/Vitis_Libraries-main/vision/L1/include/common/xf_structs.hpp:541:14)
WARNING: [HLS 207-5292] unused parameter 'index' (/media/alinx/nvme4t/yang/Vitis_Libraries-main/vision/L1/include/common/xf_structs.hpp:552:20)
WARNING: [HLS 207-5292] unused parameter 'stride' (/media/alinx/nvme4t/yang/Vitis_Libraries-main/vision/L1/include/common/xf_structs.hpp:1036:41)
WARNING: [HLS 207-5292] unused parameter 'index' (/media/alinx/nvme4t/yang/Vitis_Libraries-main/vision/L1/include/common/xf_structs.hpp:1224:102)
WARNING: [HLS 207-5292] unused parameter 'index' (/media/alinx/nvme4t/yang/Vitis_Libraries-main/vision/L1/include/common/xf_structs.hpp:1530:34)
WARNING: [HLS 207-5292] unused parameter 't1' (/media/alinx/nvme4t/yang/Vitis_Libraries-main/vision/L1/include/imgproc/xf_sobel.hpp:45:52)
WARNING: [HLS 207-5292] unused parameter 'm1' (/media/alinx/nvme4t/yang/Vitis_Libraries-main/vision/L1/include/imgproc/xf_sobel.hpp:48:52)
WARNING: [HLS 207-5292] unused parameter 'b1' (/media/alinx/nvme4t/yang/Vitis_Libraries-main/vision/L1/include/imgproc/xf_sobel.hpp:51:52)
WARNING: [HLS 207-5292] unused parameter 'm0' (/media/alinx/nvme4t/yang/Vitis_Libraries-main/vision/L1/include/imgproc/xf_sobel.hpp:95:52)
WARNING: [HLS 207-5292] unused parameter 'm1' (/media/alinx/nvme4t/yang/Vitis_Libraries-main/vision/L1/include/imgproc/xf_sobel.hpp:96:52)
WARNING: [HLS 207-5292] unused parameter 'm2' (/media/alinx/nvme4t/yang/Vitis_Libraries-main/vision/L1/include/imgproc/xf_sobel.hpp:97:52)
WARNING: [HLS 207-5292] unused parameter 'src_buf3' (/media/alinx/nvme4t/yang/Vitis_Libraries-main/vision/L1/include/imgproc/xf_sobel.hpp:573:54)
WARNING: [HLS 207-5292] unused parameter 'src_buf4' (/media/alinx/nvme4t/yang/Vitis_Libraries-main/vision/L1/include/imgproc/xf_sobel.hpp:1267:54)
WARNING: [HLS 207-5292] unused parameter '_src_mat' (/media/alinx/nvme4t/yang/Vitis_Libraries-main/vision/L1/include/imgproc/xf_sobel.hpp:1564:72)
WARNING: [HLS 207-5292] unused parameter 'read_index' (/media/alinx/nvme4t/yang/Vitis_Libraries-main/vision/L1/include/imgproc/xf_sobel.hpp:1580:26)
INFO: [HLS 200-111] Finished Source Code Analysis and Preprocessing: CPU user time: 5.99 seconds. CPU system time: 0.46 seconds. Elapsed time: 6.47 seconds; current allocated memory: 1.357 GB.
INFO: [HLS 200-777] Using interface defaults for 'Vivado' flow target.
INFO: [HLS 200-1995] There were 29,489 instructions in the design after the 'Compile/Link' phase of compilation. See the Design Size Report for more details: /media/alinx/nvme4t/yang/course_s3_tcl/ax7010/07_auto_focus/vivado/auto_create_project/ip/hls/sobel_focus/sobel_focus/solution1/syn/report/csynth_design_size.rpt
INFO: [HLS 200-1995] There were 1,827 instructions in the design after the 'Unroll/Inline' phase of compilation. See the Design Size Report for more details: /media/alinx/nvme4t/yang/course_s3_tcl/ax7010/07_auto_focus/vivado/auto_create_project/ip/hls/sobel_focus/sobel_focus/solution1/syn/report/csynth_design_size.rpt
INFO: [HLS 200-1995] There were 720 instructions in the design after the 'Performance/Pipeline' phase of compilation. See the Design Size Report for more details: /media/alinx/nvme4t/yang/course_s3_tcl/ax7010/07_auto_focus/vivado/auto_create_project/ip/hls/sobel_focus/sobel_focus/solution1/syn/report/csynth_design_size.rpt
INFO: [HLS 200-1995] There were 861 instructions in the design after the 'Optimizations' phase of compilation. See the Design Size Report for more details: /media/alinx/nvme4t/yang/course_s3_tcl/ax7010/07_auto_focus/vivado/auto_create_project/ip/hls/sobel_focus/sobel_focus/solution1/syn/report/csynth_design_size.rpt
WARNING: [HLS 214-273] In function 'xf::cv::Mat<16, 1080, 1920, 1, 2>::Mat()', Pragma conflict happens on 'INLINE' and DATAFLOW pragmas: Inline into dataflow region may break the canonical form (/media/alinx/nvme4t/yang/Vitis_Libraries-main/vision/L1/include/common/xf_structs.hpp:652:0)
WARNING: [HLS 214-273] In function 'xf::cv::Mat<0, 1080, 1920, 1, 2>::Mat()', Pragma conflict happens on 'INLINE' and DATAFLOW pragmas: Inline into dataflow region may break the canonical form (/media/alinx/nvme4t/yang/Vitis_Libraries-main/vision/L1/include/common/xf_structs.hpp:652:0)
WARNING: [HLS 214-273] In function 'xf::cv::Mat<0, 1080, 1920, 1, 2>::init(int, int, bool)', Pragma conflict happens on 'INLINE' and DATAFLOW pragmas: Inline into dataflow region may break the canonical form (/media/alinx/nvme4t/yang/Vitis_Libraries-main/vision/L1/include/common/xf_structs.hpp:605:0)
WARNING: [HLS 214-273] In function 'xf::cv::Mat<16, 1080, 1920, 1, 2>::init(int, int, bool)', Pragma conflict happens on 'INLINE' and DATAFLOW pragmas: Inline into dataflow region may break the canonical form (/media/alinx/nvme4t/yang/Vitis_Libraries-main/vision/L1/include/common/xf_structs.hpp:605:0)
INFO: [HLS 214-131] Inlining function 'xf::cv::Mat<16, 1080, 1920, 1, 2>::init(int, int, bool)' into 'xf::cv::Mat<16, 1080, 1920, 1, 2>::Mat()' (/media/alinx/nvme4t/yang/Vitis_Libraries-main/vision/L1/include/common/xf_structs.hpp:657:2)
INFO: [HLS 214-131] Inlining function 'xf::cv::Mat<0, 1080, 1920, 1, 2>::init(int, int, bool)' into 'xf::cv::Mat<0, 1080, 1920, 1, 2>::Mat()' (/media/alinx/nvme4t/yang/Vitis_Libraries-main/vision/L1/include/common/xf_structs.hpp:657:2)
INFO: [HLS 214-131] Inlining function 'CalculateGRAY(unsigned char, unsigned char, unsigned char)' into 'void xfrgb2gray<1080, 1920>(xf::cv::Mat<16, 1080, 1920, 1, 2>&, xf::cv::Mat<0, 1080, 1920, 1, 2>&)' (source/sobel_focus.cpp:48:9)
INFO: [HLS 214-131] Inlining function 'void xf::cv::xfPackPixels<1, 1, 0>(PixelType<0>::name*, StreamType<1>::name&, unsigned short, short, unsigned short&)' into 'void xf::cv::ProcessSobel3x3<0, 0, 1080, 1920, 1, 0, 0, 1, 2, 2, 2, 1, 1, 1920>(xf::cv::Mat<0, 1080, 1920, 1, 2>&, xf::cv::Mat<0, 1080, 1920, 1, 2>&, xf::cv::Mat<0, 1080, 1920, 1, 2>&, StreamType<1>::name (*) [(1920) >> (xfNPixelsPerCycle<1>::datashift)], PixelType<0>::name*, PixelType<0>::name*, PixelType<0>::name*, PixelType<0>::name*, PixelType<0>::name*, StreamType<1>::name&, StreamType<1>::name&, unsigned short, unsigned short, ap_uint<13>, unsigned short&, unsigned short&, ap_uint<2>, ap_uint<2>, ap_uint<2>, ap_uint<13>, int&, int&)' (/media/alinx/nvme4t/yang/Vitis_Libraries-main/vision/L1/include/imgproc/xf_sobel.hpp:272:13)
INFO: [HLS 214-131] Inlining function 'void xf::cv::xfPackPixels<1, 1, 0>(PixelType<0>::name*, StreamType<1>::name&, unsigned short, short, unsigned short&)' into 'void xf::cv::ProcessSobel3x3<0, 0, 1080, 1920, 1, 0, 0, 1, 2, 2, 2, 1, 1, 1920>(xf::cv::Mat<0, 1080, 1920, 1, 2>&, xf::cv::Mat<0, 1080, 1920, 1, 2>&, xf::cv::Mat<0, 1080, 1920, 1, 2>&, StreamType<1>::name (*) [(1920) >> (xfNPixelsPerCycle<1>::datashift)], PixelType<0>::name*, PixelType<0>::name*, PixelType<0>::name*, PixelType<0>::name*, PixelType<0>::name*, StreamType<1>::name&, StreamType<1>::name&, unsigned short, unsigned short, ap_uint<13>, unsigned short&, unsigned short&, ap_uint<2>, ap_uint<2>, ap_uint<2>, ap_uint<13>, int&, int&)' (/media/alinx/nvme4t/yang/Vitis_Libraries-main/vision/L1/include/imgproc/xf_sobel.hpp:271:13)
INFO: [HLS 214-131] Inlining function 'void xf::cv::xfPackPixels<1, 1, 0>(PixelType<0>::name*, StreamType<1>::name&, unsigned short, short, unsigned short&)' into 'void xf::cv::ProcessSobel3x3<0, 0, 1080, 1920, 1, 0, 0, 1, 2, 2, 2, 1, 1, 1920>(xf::cv::Mat<0, 1080, 1920, 1, 2>&, xf::cv::Mat<0, 1080, 1920, 1, 2>&, xf::cv::Mat<0, 1080, 1920, 1, 2>&, StreamType<1>::name (*) [(1920) >> (xfNPixelsPerCycle<1>::datashift)], PixelType<0>::name*, PixelType<0>::name*, PixelType<0>::name*, PixelType<0>::name*, PixelType<0>::name*, StreamType<1>::name&, StreamType<1>::name&, unsigned short, unsigned short, ap_uint<13>, unsigned short&, unsigned short&, ap_uint<2>, ap_uint<2>, ap_uint<2>, ap_uint<13>, int&, int&)' (/media/alinx/nvme4t/yang/Vitis_Libraries-main/vision/L1/include/imgproc/xf_sobel.hpp:261:13)
INFO: [HLS 214-131] Inlining function 'void xf::cv::xfPackPixels<1, 1, 0>(PixelType<0>::name*, StreamType<1>::name&, unsigned short, short, unsigned short&)' into 'void xf::cv::ProcessSobel3x3<0, 0, 1080, 1920, 1, 0, 0, 1, 2, 2, 2, 1, 1, 1920>(xf::cv::Mat<0, 1080, 1920, 1, 2>&, xf::cv::Mat<0, 1080, 1920, 1, 2>&, xf::cv::Mat<0, 1080, 1920, 1, 2>&, StreamType<1>::name (*) [(1920) >> (xfNPixelsPerCycle<1>::datashift)], PixelType<0>::name*, PixelType<0>::name*, PixelType<0>::name*, PixelType<0>::name*, PixelType<0>::name*, StreamType<1>::name&, StreamType<1>::name&, unsigned short, unsigned short, ap_uint<13>, unsigned short&, unsigned short&, ap_uint<2>, ap_uint<2>, ap_uint<2>, ap_uint<13>, int&, int&)' (/media/alinx/nvme4t/yang/Vitis_Libraries-main/vision/L1/include/imgproc/xf_sobel.hpp:260:13)
INFO: [HLS 214-131] Inlining function 'void xf::cv::xfPackPixels<1, 1, 0>(PixelType<0>::name*, StreamType<1>::name&, unsigned short, short, unsigned short&)' into 'void xf::cv::ProcessSobel3x3<0, 0, 1080, 1920, 1, 0, 0, 1, 2, 2, 2, 1, 1, 1920>(xf::cv::Mat<0, 1080, 1920, 1, 2>&, xf::cv::Mat<0, 1080, 1920, 1, 2>&, xf::cv::Mat<0, 1080, 1920, 1, 2>&, StreamType<1>::name (*) [(1920) >> (xfNPixelsPerCycle<1>::datashift)], PixelType<0>::name*, PixelType<0>::name*, PixelType<0>::name*, PixelType<0>::name*, PixelType<0>::name*, StreamType<1>::name&, StreamType<1>::name&, unsigned short, unsigned short, ap_uint<13>, unsigned short&, unsigned short&, ap_uint<2>, ap_uint<2>, ap_uint<2>, ap_uint<13>, int&, int&)' (/media/alinx/nvme4t/yang/Vitis_Libraries-main/vision/L1/include/imgproc/xf_sobel.hpp:257:13)
INFO: [HLS 214-131] Inlining function 'void xf::cv::xfPackPixels<1, 1, 0>(PixelType<0>::name*, StreamType<1>::name&, unsigned short, short, unsigned short&)' into 'void xf::cv::ProcessSobel3x3<0, 0, 1080, 1920, 1, 0, 0, 1, 2, 2, 2, 1, 1, 1920>(xf::cv::Mat<0, 1080, 1920, 1, 2>&, xf::cv::Mat<0, 1080, 1920, 1, 2>&, xf::cv::Mat<0, 1080, 1920, 1, 2>&, StreamType<1>::name (*) [(1920) >> (xfNPixelsPerCycle<1>::datashift)], PixelType<0>::name*, PixelType<0>::name*, PixelType<0>::name*, PixelType<0>::name*, PixelType<0>::name*, StreamType<1>::name&, StreamType<1>::name&, unsigned short, unsigned short, ap_uint<13>, unsigned short&, unsigned short&, ap_uint<2>, ap_uint<2>, ap_uint<2>, ap_uint<13>, int&, int&)' (/media/alinx/nvme4t/yang/Vitis_Libraries-main/vision/L1/include/imgproc/xf_sobel.hpp:256:13)
INFO: [HLS 214-131] Inlining function 'void xf::cv::xfPackPixels<1, 1, 0>(PixelType<0>::name*, StreamType<1>::name&, unsigned short, short, unsigned short&)' into 'void xf::cv::xFSobelFilter3x3<0, 0, 1080, 1920, 1, 0, 0, 1, 2, 2, 2, 1, 1, 1920, false>(xf::cv::Mat<0, 1080, 1920, 1, 2>&, xf::cv::Mat<0, 1080, 1920, 1, 2>&, xf::cv::Mat<0, 1080, 1920, 1, 2>&, unsigned short, unsigned short)' (/media/alinx/nvme4t/yang/Vitis_Libraries-main/vision/L1/include/imgproc/xf_sobel.hpp:447:9)
INFO: [HLS 214-131] Inlining function 'void xf::cv::xfPackPixels<1, 1, 0>(PixelType<0>::name*, StreamType<1>::name&, unsigned short, short, unsigned short&)' into 'void xf::cv::xFSobelFilter3x3<0, 0, 1080, 1920, 1, 0, 0, 1, 2, 2, 2, 1, 1, 1920, false>(xf::cv::Mat<0, 1080, 1920, 1, 2>&, xf::cv::Mat<0, 1080, 1920, 1, 2>&, xf::cv::Mat<0, 1080, 1920, 1, 2>&, unsigned short, unsigned short)' (/media/alinx/nvme4t/yang/Vitis_Libraries-main/vision/L1/include/imgproc/xf_sobel.hpp:446:9)
INFO: [HLS 214-131] Inlining function 'void xf::cv::ProcessSobel3x3<0, 0, 1080, 1920, 1, 0, 0, 1, 2, 2, 2, 1, 1, 1920>(xf::cv::Mat<0, 1080, 1920, 1, 2>&, xf::cv::Mat<0, 1080, 1920, 1, 2>&, xf::cv::Mat<0, 1080, 1920, 1, 2>&, StreamType<1>::name (*) [(1920) >> (xfNPixelsPerCycle<1>::datashift)], PixelType<0>::name*, PixelType<0>::name*, PixelType<0>::name*, PixelType<0>::name*, PixelType<0>::name*, StreamType<1>::name&, StreamType<1>::name&, unsigned short, unsigned short, ap_uint<13>, unsigned short&, unsigned short&, ap_uint<2>, ap_uint<2>, ap_uint<2>, ap_uint<13>, int&, int&)' into 'void xf::cv::xFSobelFilter3x3<0, 0, 1080, 1920, 1, 0, 0, 1, 2, 2, 2, 1, 1, 1920, false>(xf::cv::Mat<0, 1080, 1920, 1, 2>&, xf::cv::Mat<0, 1080, 1920, 1, 2>&, xf::cv::Mat<0, 1080, 1920, 1, 2>&, unsigned short, unsigned short)' (/media/alinx/nvme4t/yang/Vitis_Libraries-main/vision/L1/include/imgproc/xf_sobel.hpp:392:9)
INFO: [HLS 214-131] Inlining function 'xf::cv::Mat<16, 1080, 1920, 1, 2>::Mat()' into 'sobel_focus(hls::stream<hls::axis<ap_uint<24>, 1ul, 1ul, 1ul>, 0>&, hls::stream<hls::axis<ap_uint<24>, 1ul, 1ul, 1ul>, 0>&, unsigned int&)' (source/sobel_focus.cpp:129:42)
INFO: [HLS 214-131] Inlining function 'xf::cv::Mat<16, 1080, 1920, 1, 2>::Mat()' into 'sobel_focus(hls::stream<hls::axis<ap_uint<24>, 1ul, 1ul, 1ul>, 0>&, hls::stream<hls::axis<ap_uint<24>, 1ul, 1ul, 1ul>, 0>&, unsigned int&)' (source/sobel_focus.cpp:129:50)
INFO: [HLS 214-131] Inlining function 'xf::cv::Mat<16, 1080, 1920, 1, 2>::Mat()' into 'sobel_focus(hls::stream<hls::axis<ap_uint<24>, 1ul, 1ul, 1ul>, 0>&, hls::stream<hls::axis<ap_uint<24>, 1ul, 1ul, 1ul>, 0>&, unsigned int&)' (source/sobel_focus.cpp:129:58)
INFO: [HLS 214-131] Inlining function 'xf::cv::Mat<0, 1080, 1920, 1, 2>::Mat()' into 'sobel_focus(hls::stream<hls::axis<ap_uint<24>, 1ul, 1ul, 1ul>, 0>&, hls::stream<hls::axis<ap_uint<24>, 1ul, 1ul, 1ul>, 0>&, unsigned int&)' (source/sobel_focus.cpp:133:41)
INFO: [HLS 214-131] Inlining function 'xf::cv::Mat<0, 1080, 1920, 1, 2>::Mat()' into 'sobel_focus(hls::stream<hls::axis<ap_uint<24>, 1ul, 1ul, 1ul>, 0>&, hls::stream<hls::axis<ap_uint<24>, 1ul, 1ul, 1ul>, 0>&, unsigned int&)' (source/sobel_focus.cpp:133:49)
INFO: [HLS 214-131] Inlining function 'xf::cv::Mat<0, 1080, 1920, 1, 2>::Mat()' into 'sobel_focus(hls::stream<hls::axis<ap_uint<24>, 1ul, 1ul, 1ul>, 0>&, hls::stream<hls::axis<ap_uint<24>, 1ul, 1ul, 1ul>, 0>&, unsigned int&)' (source/sobel_focus.cpp:133:60)
INFO: [HLS 214-131] Inlining function 'xf::cv::Mat<0, 1080, 1920, 1, 2>::Mat()' into 'sobel_focus(hls::stream<hls::axis<ap_uint<24>, 1ul, 1ul, 1ul>, 0>&, hls::stream<hls::axis<ap_uint<24>, 1ul, 1ul, 1ul>, 0>&, unsigned int&)' (source/sobel_focus.cpp:133:71)
INFO: [HLS 214-291] Loop 'VITIS_LOOP_325_1' is marked as complete unroll implied by the pipeline pragma (/media/alinx/nvme4t/yang/Vitis_Libraries-main/vision/L1/include/common/xf_utility.hpp:325:23)
INFO: [HLS 214-291] Loop 'Compute_Grad_Loop' is marked as complete unroll implied by the pipeline pragma (/media/alinx/nvme4t/yang/Vitis_Libraries-main/vision/L1/include/imgproc/xf_sobel.hpp:153:5)
INFO: [HLS 214-291] Loop 'VITIS_LOOP_158_1' is marked as complete unroll implied by the pipeline pragma (/media/alinx/nvme4t/yang/Vitis_Libraries-main/vision/L1/include/imgproc/xf_sobel.hpp:158:20)
INFO: [HLS 214-291] Loop 'VITIS_LOOP_7_1' is marked as complete unroll implied by the pipeline pragma (source/sobel_focus.cpp:7:18)
INFO: [HLS 214-186] Unrolling loop 'VITIS_LOOP_325_1' (/media/alinx/nvme4t/yang/Vitis_Libraries-main/vision/L1/include/common/xf_utility.hpp:325:23) in function 'xf::cv::xFSobelFilter3x3<0, 0, 1080, 1920, 1, 0, 0, 1, 2, 2, 2, 1, 1, 1920, false>' completely with a factor of 1 (/media/alinx/nvme4t/yang/Vitis_Libraries-main/vision/L1/include/imgproc/xf_sobel.hpp:310:0)
INFO: [HLS 214-186] Unrolling loop 'Compute_Grad_Loop' (/media/alinx/nvme4t/yang/Vitis_Libraries-main/vision/L1/include/imgproc/xf_sobel.hpp:153:5) in function 'xf::cv::xFSobel3x3<1, 1, 0, 0>' completely with a factor of 1 (/media/alinx/nvme4t/yang/Vitis_Libraries-main/vision/L1/include/imgproc/xf_sobel.hpp:138:0)
INFO: [HLS 214-186] Unrolling loop 'VITIS_LOOP_158_1' (/media/alinx/nvme4t/yang/Vitis_Libraries-main/vision/L1/include/imgproc/xf_sobel.hpp:158:20) in function 'xf::cv::xFSobel3x3<1, 1, 0, 0>' completely with a factor of 1 (/media/alinx/nvme4t/yang/Vitis_Libraries-main/vision/L1/include/imgproc/xf_sobel.hpp:138:0)
INFO: [HLS 214-186] Unrolling loop 'VITIS_LOOP_7_1' (source/sobel_focus.cpp:7:18) in function 'ExtractPixel' completely with a factor of 3 (source/sobel_focus.cpp:4:0)
INFO: [HLS 214-178] Inlining function 'void xf::cv::Mat<16, 1080, 1920, 1, 2>::write<2, (void*)0>(int, ap_uint<24>)' into 'int xf::cv::AXIvideo2xfMat<24, 16, 1080, 1920, 1, 2>(hls::stream<hls::axis<ap_uint<24>, 1ul, 1ul, 1ul>, 0>&, xf::cv::Mat<16, 1080, 1920, 1, 2>&)' (/media/alinx/nvme4t/yang/Vitis_Libraries-main/vision/L1/include/common/xf_infra.hpp:101:0)
INFO: [HLS 214-178] Inlining function 'ap_uint<24> xf::cv::Mat<16, 1080, 1920, 1, 2>::read<2, (void*)0>(int)' into 'void duplicate<1080, 1920>(xf::cv::Mat<16, 1080, 1920, 1, 2>&, xf::cv::Mat<16, 1080, 1920, 1, 2>&, xf::cv::Mat<16, 1080, 1920, 1, 2>&)' (source/sobel_focus.cpp:106:0)
INFO: [HLS 214-178] Inlining function 'void xf::cv::Mat<16, 1080, 1920, 1, 2>::write<2, (void*)0>(int, ap_uint<24>)' into 'void duplicate<1080, 1920>(xf::cv::Mat<16, 1080, 1920, 1, 2>&, xf::cv::Mat<16, 1080, 1920, 1, 2>&, xf::cv::Mat<16, 1080, 1920, 1, 2>&)' (source/sobel_focus.cpp:106:0)
INFO: [HLS 214-178] Inlining function 'ap_uint<24> xf::cv::Mat<16, 1080, 1920, 1, 2>::read<2, (void*)0>(int)' into 'void xfrgb2gray<1080, 1920>(xf::cv::Mat<16, 1080, 1920, 1, 2>&, xf::cv::Mat<0, 1080, 1920, 1, 2>&)' (source/sobel_focus.cpp:35:0)
INFO: [HLS 214-178] Inlining function 'saturate_cast(int, int)' into 'void xfrgb2gray<1080, 1920>(xf::cv::Mat<16, 1080, 1920, 1, 2>&, xf::cv::Mat<0, 1080, 1920, 1, 2>&)' (source/sobel_focus.cpp:35:0)
INFO: [HLS 214-178] Inlining function 'void xf::cv::Mat<0, 1080, 1920, 1, 2>::write<2, (void*)0>(int, ap_uint<8>)' into 'void xfrgb2gray<1080, 1920>(xf::cv::Mat<16, 1080, 1920, 1, 2>&, xf::cv::Mat<0, 1080, 1920, 1, 2>&)' (source/sobel_focus.cpp:35:0)
INFO: [HLS 214-178] Inlining function 'ap_uint<8> xf::cv::Mat<0, 1080, 1920, 1, 2>::read<2, (void*)0>(int)' into 'void xf::cv::xFSobelFilter3x3<0, 0, 1080, 1920, 1, 0, 0, 1, 2, 2, 2, 1, 1, 1920, false>(xf::cv::Mat<0, 1080, 1920, 1, 2>&, xf::cv::Mat<0, 1080, 1920, 1, 2>&, xf::cv::Mat<0, 1080, 1920, 1, 2>&, unsigned short, unsigned short)' (/media/alinx/nvme4t/yang/Vitis_Libraries-main/vision/L1/include/imgproc/xf_sobel.hpp:310:0)
INFO: [HLS 214-178] Inlining function 'void xf::cv::Mat<0, 1080, 1920, 1, 2>::write<2, (void*)0>(int, ap_uint<8>)' into 'void xf::cv::xFSobelFilter3x3<0, 0, 1080, 1920, 1, 0, 0, 1, 2, 2, 2, 1, 1, 1920, false>(xf::cv::Mat<0, 1080, 1920, 1, 2>&, xf::cv::Mat<0, 1080, 1920, 1, 2>&, xf::cv::Mat<0, 1080, 1920, 1, 2>&, unsigned short, unsigned short)' (/media/alinx/nvme4t/yang/Vitis_Libraries-main/vision/L1/include/imgproc/xf_sobel.hpp:310:0)
INFO: [HLS 214-178] Inlining function 'ap_uint<8> xf::cv::Mat<0, 1080, 1920, 1, 2>::read<2, (void*)0>(int)' into 'void AddWeightedKernel<1080, 1920>(xf::cv::Mat<0, 1080, 1920, 1, 2>&, float, xf::cv::Mat<0, 1080, 1920, 1, 2>&, float, float, xf::cv::Mat<0, 1080, 1920, 1, 2>&)' (source/sobel_focus.cpp:63:0)
INFO: [HLS 214-178] Inlining function 'void xf::cv::Mat<0, 1080, 1920, 1, 2>::write<2, (void*)0>(int, ap_uint<8>)' into 'void AddWeightedKernel<1080, 1920>(xf::cv::Mat<0, 1080, 1920, 1, 2>&, float, xf::cv::Mat<0, 1080, 1920, 1, 2>&, float, float, xf::cv::Mat<0, 1080, 1920, 1, 2>&)' (source/sobel_focus.cpp:63:0)
INFO: [HLS 214-178] Inlining function 'ap_uint<8> xf::cv::Mat<0, 1080, 1920, 1, 2>::read<2, (void*)0>(int)' into 'void sum_of_stream<1080, 1920>(xf::cv::Mat<0, 1080, 1920, 1, 2>&, unsigned int&)' (source/sobel_focus.cpp:17:0)
INFO: [HLS 214-178] Inlining function 'ap_uint<24> xf::cv::Mat<16, 1080, 1920, 1, 2>::read<2, (void*)0>(int)' into 'int xf::cv::xfMat2AXIvideo<24, 16, 1080, 1920, 1, 2>(xf::cv::Mat<16, 1080, 1920, 1, 2>&, hls::stream<hls::axis<ap_uint<24>, 1ul, 1ul, 1ul>, 0>&)' (/media/alinx/nvme4t/yang/Vitis_Libraries-main/vision/L1/include/common/xf_infra.hpp:181:0)
INFO: [HLS 214-248] Applying array_partition to 'GradientValuesX': Complete partitioning on dimension 1. (/media/alinx/nvme4t/yang/Vitis_Libraries-main/vision/L1/include/imgproc/xf_sobel.hpp:319:5)
INFO: [HLS 214-248] Applying array_partition to 'GradientValuesY': Complete partitioning on dimension 1. (/media/alinx/nvme4t/yang/Vitis_Libraries-main/vision/L1/include/imgproc/xf_sobel.hpp:321:5)
INFO: [HLS 214-248] Applying array_partition to 'src_buf1': Complete partitioning on dimension 1. (/media/alinx/nvme4t/yang/Vitis_Libraries-main/vision/L1/include/imgproc/xf_sobel.hpp:328:5)
INFO: [HLS 214-248] Applying array_partition to 'src_buf2': Complete partitioning on dimension 1. (/media/alinx/nvme4t/yang/Vitis_Libraries-main/vision/L1/include/imgproc/xf_sobel.hpp:329:9)
INFO: [HLS 214-248] Applying array_partition to 'src_buf3': Complete partitioning on dimension 1. (/media/alinx/nvme4t/yang/Vitis_Libraries-main/vision/L1/include/imgproc/xf_sobel.hpp:330:9)
INFO: [HLS 214-248] Applying array_partition to 'buf': Complete partitioning on dimension 1. (/media/alinx/nvme4t/yang/Vitis_Libraries-main/vision/L1/include/imgproc/xf_sobel.hpp:339:46)
WARNING: [HLS 214-358] Array transformation on index using bit extension logic may lead to poor performance. Please use int or long for array index computation to benefit from optimizations.
WARNING: [HLS 214-358] Array transformation on index using bit extension logic may lead to poor performance. Please use int or long for array index computation to benefit from optimizations. (/media/alinx/nvme4t/yang/Vitis_Libraries-main/vision/L1/include/imgproc/xf_sobel.hpp:337:47)
INFO: [HLS 200-111] Finished Compiling Optimization and Transform: CPU user time: 2.11 seconds. CPU system time: 0.39 seconds. Elapsed time: 6.91 seconds; current allocated memory: 1.359 GB.
INFO: [HLS 200-111] Finished Checking Pragmas: CPU user time: 0 seconds. CPU system time: 0 seconds. Elapsed time: 0 seconds; current allocated memory: 1.359 GB.
INFO: [HLS 200-10] Starting code transformations ...
INFO: [HLS 200-111] Finished Standard Transforms: CPU user time: 0.03 seconds. CPU system time: 0 seconds. Elapsed time: 0.03 seconds; current allocated memory: 1.361 GB.
INFO: [HLS 200-10] Checking synthesizability ...
WARNING: [SYNCHK 200-23] /media/alinx/nvme4t/yang/Vitis_Libraries-main/vision/L1/include/imgproc/xf_sobel.hpp:434: variable-indexed range selection may cause suboptimal QoR.
INFO: [SYNCHK 200-10] 0 error(s), 1 warning(s).
INFO: [HLS 200-111] Finished Checking Synthesizability: CPU user time: 0.03 seconds. CPU system time: 0 seconds. Elapsed time: 0.03 seconds; current allocated memory: 1.365 GB.
INFO: [XFORM 203-510] Pipelining loop 'VITIS_LOOP_432_2' (/media/alinx/nvme4t/yang/Vitis_Libraries-main/vision/L1/include/imgproc/xf_sobel.hpp:432) in function 'xf::cv::xFSobelFilter3x3<0, 0, 1080, 1920, 1, 0, 0, 1, 2, 2, 2, 1, 1, 1920, false>' automatically.
WARNING: [XFORM 203-505] Ignore pipeline pragma in Loop whose tripcount is only 1 in function 'xf::cv::xFSobelFilter3x3<0, 0, 1080, 1920, 1, 0, 0, 1, 2, 2, 2, 1, 1, 1920, false>'.
INFO: [XFORM 203-502] Unrolling small iteration loop 'VITIS_LOOP_432_2' (/media/alinx/nvme4t/yang/Vitis_Libraries-main/vision/L1/include/imgproc/xf_sobel.hpp:432) in function 'xf::cv::xFSobelFilter3x3<0, 0, 1080, 1920, 1, 0, 0, 1, 2, 2, 2, 1, 1, 1920, false>' automatically.
INFO: [HLS 200-489] Unrolling loop 'VITIS_LOOP_432_2' (/media/alinx/nvme4t/yang/Vitis_Libraries-main/vision/L1/include/imgproc/xf_sobel.hpp:432) in function 'xf::cv::xFSobelFilter3x3<0, 0, 1080, 1920, 1, 0, 0, 1, 2, 2, 2, 1, 1, 1920, false>' completely with a factor of 1.
INFO: [XFORM 203-102] Partitioning array 'rgb' (source/sobel_focus.cpp:38) automatically.
INFO: [XFORM 203-712] Applying dataflow to function 'sobel_focus' (source/sobel_focus.cpp:122:1), detected/extracted 7 process function(s): 
	 'xf::cv::AXIvideo2xfMat<24, 16, 1080, 1920, 1, 2>'
	 'duplicate<1080, 1920>'
	 'xfrgb2gray<1080, 1920>'
	 'xf::cv::xFSobelFilter3x3<0, 0, 1080, 1920, 1, 0, 0, 1, 2, 2, 2, 1, 1, 1920, false>'
	 'AddWeightedKernel<1080, 1920>'
	 'sum_of_stream<1080, 1920>'
	 'xf::cv::xfMat2AXIvideo<24, 16, 1080, 1920, 1, 2>'.
INFO: [XFORM 203-401] Performing if-conversion on hyperblock from (/media/alinx/nvme4t/yang/Vitis_Libraries-main/vision/L1/include/imgproc/xf_sobel.hpp:95:52) to (/media/alinx/nvme4t/yang/Vitis_Libraries-main/vision/L1/include/imgproc/xf_sobel.hpp:127:1) in function 'xf::cv::xFGradientY3x3<0, 0>'... converting 3 basic blocks.
INFO: [XFORM 203-401] Performing if-conversion on hyperblock from (/media/alinx/nvme4t/yang/Vitis_Libraries-main/vision/L1/include/imgproc/xf_sobel.hpp:45:52) to (/media/alinx/nvme4t/yang/Vitis_Libraries-main/vision/L1/include/imgproc/xf_sobel.hpp:80:1) in function 'xf::cv::xFGradientX3x3<0, 0>'... converting 3 basic blocks.
INFO: [HLS 200-111] Finished Loop, function and other optimizations: CPU user time: 0.1 seconds. CPU system time: 0.01 seconds. Elapsed time: 0.11 seconds; current allocated memory: 1.391 GB.
INFO: [XFORM 203-541] Flattening a loop nest 'VITIS_LOOP_41_1' (source/sobel_focus.cpp:41:19) in function 'xfrgb2gray<1080, 1920>'.
WARNING: [HLS 200-960] Cannot flatten loop 'Row_Loop' (/media/alinx/nvme4t/yang/Vitis_Libraries-main/vision/L1/include/imgproc/xf_sobel.hpp:366:5) in function 'xf::cv::xFSobelFilter3x3<0, 0, 1080, 1920, 1, 0, 0, 1, 2, 2, 2, 1, 1, 1920, false>' the outer loop is not a perfect loop because there is nontrivial logic in the loop latch.
INFO: [XFORM 203-541] Flattening a loop nest 'VITIS_LOOP_21_1' (source/sobel_focus.cpp:21:19) in function 'sum_of_stream<1080, 1920>'.
INFO: [XFORM 203-541] Flattening a loop nest 'VITIS_LOOP_109_1' (source/sobel_focus.cpp:109:20) in function 'duplicate<1080, 1920>'.
INFO: [XFORM 203-541] Flattening a loop nest 'VITIS_LOOP_77_1' (source/sobel_focus.cpp:77:19) in function 'AddWeightedKernel<1080, 1920>'.
WARNING: [HLS 200-631] ap_ctrl_none interface is illegal for sobel_focus because sum_of_stream<1080, 1920> has non-FIFO I/O
INFO: [HLS 200-111] Finished Architecture Synthesis: CPU user time: 0.08 seconds. CPU system time: 0.03 seconds. Elapsed time: 0.11 seconds; current allocated memory: 1.545 GB.
INFO: [HLS 200-10] Starting hardware synthesis ...
INFO: [HLS 200-10] Synthesizing 'sobel_focus' ...
WARNING: [SYN 201-103] Legalizing function name 'AXIvideo2xfMat<24, 16, 1080, 1920, 1, 2>_Pipeline_loop_start_hunt' to 'AXIvideo2xfMat_24_16_1080_1920_1_2_Pipeline_loop_start_hunt'.
WARNING: [SYN 201-103] Legalizing function name 'AXIvideo2xfMat<24, 16, 1080, 1920, 1, 2>_Pipeline_loop_col_zxi2mat' to 'AXIvideo2xfMat_24_16_1080_1920_1_2_Pipeline_loop_col_zxi2mat'.
WARNING: [SYN 201-103] Legalizing function name 'AXIvideo2xfMat<24, 16, 1080, 1920, 1, 2>_Pipeline_loop_last_hunt' to 'AXIvideo2xfMat_24_16_1080_1920_1_2_Pipeline_loop_last_hunt'.
WARNING: [SYN 201-103] Legalizing function name 'AXIvideo2xfMat<24, 16, 1080, 1920, 1, 2>' to 'AXIvideo2xfMat_24_16_1080_1920_1_2_s'.
WARNING: [SYN 201-103] Legalizing function name 'duplicate<1080, 1920>' to 'duplicate_1080_1920_s'.
WARNING: [SYN 201-103] Legalizing function name 'xfrgb2gray<1080, 1920>' to 'xfrgb2gray_1080_1920_s'.
WARNING: [SYN 201-103] Legalizing function name 'xFGradientX3x3<0, 0>' to 'xFGradientX3x3_0_0_s'.
WARNING: [SYN 201-103] Legalizing function name 'xFGradientY3x3<0, 0>' to 'xFGradientY3x3_0_0_s'.
WARNING: [SYN 201-103] Legalizing function name 'xFSobel3x3<1, 1, 0, 0>' to 'xFSobel3x3_1_1_0_0_s'.
WARNING: [SYN 201-103] Legalizing function name 'xFSobelFilter3x3<0, 0, 1080, 1920, 1, 0, 0, 1, 2, 2, 2, 1, 1, 1920, false>' to 'xFSobelFilter3x3_0_0_1080_1920_1_0_0_1_2_2_2_1_1_1920_false_s'.
WARNING: [SYN 201-103] Legalizing function name 'AddWeightedKernel<1080, 1920>' to 'AddWeightedKernel_1080_1920_s'.
WARNING: [SYN 201-103] Legalizing function name 'sum_of_stream<1080, 1920>' to 'sum_of_stream_1080_1920_s'.
WARNING: [SYN 201-103] Legalizing function name 'xfMat2AXIvideo<24, 16, 1080, 1920, 1, 2>_Pipeline_loop_col_mat2axi' to 'xfMat2AXIvideo_24_16_1080_1920_1_2_Pipeline_loop_col_mat2axi'.
WARNING: [SYN 201-103] Legalizing function name 'xfMat2AXIvideo<24, 16, 1080, 1920, 1, 2>' to 'xfMat2AXIvideo_24_16_1080_1920_1_2_s'.
INFO: [HLS 200-10] ----------------------------------------------------------------
INFO: [HLS 200-42] -- Implementing module 'AXIvideo2xfMat_24_16_1080_1920_1_2_Pipeline_loop_start_hunt' 
INFO: [HLS 200-10] ----------------------------------------------------------------
INFO: [SCHED 204-11] Starting scheduling ...
INFO: [SCHED 204-61] Pipelining loop 'loop_start_hunt'.
INFO: [HLS 200-1470] Pipelining result : Target II = 1, Final II = 1, Depth = 1, loop 'loop_start_hunt'
INFO: [SCHED 204-11] Finished scheduling.
INFO: [HLS 200-111] Finished Scheduling: CPU user time: 0.04 seconds. CPU system time: 0.04 seconds. Elapsed time: 0.08 seconds; current allocated memory: 1.546 GB.
INFO: [BIND 205-100] Starting micro-architecture generation ...
INFO: [BIND 205-101] Performing variable lifetime analysis.
INFO: [BIND 205-101] Exploring resource sharing.
INFO: [BIND 205-101] Binding ...
INFO: [BIND 205-100] Finished micro-architecture generation.
INFO: [HLS 200-111] Finished Binding: CPU user time: 0.02 seconds. CPU system time: 0 seconds. Elapsed time: 0.02 seconds; current allocated memory: 1.546 GB.
INFO: [HLS 200-10] ----------------------------------------------------------------
INFO: [HLS 200-42] -- Implementing module 'AXIvideo2xfMat_24_16_1080_1920_1_2_Pipeline_loop_col_zxi2mat' 
INFO: [HLS 200-10] ----------------------------------------------------------------
INFO: [SCHED 204-11] Starting scheduling ...
INFO: [SCHED 204-61] Pipelining loop 'loop_col_zxi2mat'.
INFO: [HLS 200-1470] Pipelining result : Target II = 1, Final II = 1, Depth = 2, loop 'loop_col_zxi2mat'
INFO: [SCHED 204-11] Finished scheduling.
INFO: [HLS 200-111] Finished Scheduling: CPU user time: 0.04 seconds. CPU system time: 0 seconds. Elapsed time: 0.04 seconds; current allocated memory: 1.546 GB.
INFO: [BIND 205-100] Starting micro-architecture generation ...
INFO: [BIND 205-101] Performing variable lifetime analysis.
INFO: [BIND 205-101] Exploring resource sharing.
INFO: [BIND 205-101] Binding ...
INFO: [BIND 205-100] Finished micro-architecture generation.
INFO: [HLS 200-111] Finished Binding: CPU user time: 0.02 seconds. CPU system time: 0 seconds. Elapsed time: 0.02 seconds; current allocated memory: 1.546 GB.
INFO: [HLS 200-10] ----------------------------------------------------------------
INFO: [HLS 200-42] -- Implementing module 'AXIvideo2xfMat_24_16_1080_1920_1_2_Pipeline_loop_last_hunt' 
INFO: [HLS 200-10] ----------------------------------------------------------------
INFO: [SCHED 204-11] Starting scheduling ...
INFO: [SCHED 204-61] Pipelining loop 'loop_last_hunt'.
INFO: [HLS 200-1470] Pipelining result : Target II = 1, Final II = 1, Depth = 1, loop 'loop_last_hunt'
INFO: [SCHED 204-11] Finished scheduling.
INFO: [HLS 200-111] Finished Scheduling: CPU user time: 0.03 seconds. CPU system time: 0 seconds. Elapsed time: 0.03 seconds; current allocated memory: 1.547 GB.
INFO: [BIND 205-100] Starting micro-architecture generation ...
INFO: [BIND 205-101] Performing variable lifetime analysis.
INFO: [BIND 205-101] Exploring resource sharing.
INFO: [BIND 205-101] Binding ...
INFO: [BIND 205-100] Finished micro-architecture generation.
INFO: [HLS 200-111] Finished Binding: CPU user time: 0.02 seconds. CPU system time: 0 seconds. Elapsed time: 0.03 seconds; current allocated memory: 1.547 GB.
INFO: [HLS 200-10] ----------------------------------------------------------------
INFO: [HLS 200-42] -- Implementing module 'AXIvideo2xfMat_24_16_1080_1920_1_2_s' 
INFO: [HLS 200-10] ----------------------------------------------------------------
INFO: [SCHED 204-11] Starting scheduling ...
INFO: [SCHED 204-11] Finished scheduling.
INFO: [HLS 200-111] Finished Scheduling: CPU user time: 0.05 seconds. CPU system time: 0 seconds. Elapsed time: 0.04 seconds; current allocated memory: 1.547 GB.
INFO: [BIND 205-100] Starting micro-architecture generation ...
INFO: [BIND 205-101] Performing variable lifetime analysis.
INFO: [BIND 205-101] Exploring resource sharing.
INFO: [BIND 205-101] Binding ...
INFO: [BIND 205-100] Finished micro-architecture generation.
INFO: [HLS 200-111] Finished Binding: CPU user time: 0.07 seconds. CPU system time: 0 seconds. Elapsed time: 0.08 seconds; current allocated memory: 1.547 GB.
INFO: [HLS 200-10] ----------------------------------------------------------------
INFO: [HLS 200-42] -- Implementing module 'duplicate_1080_1920_s' 
INFO: [HLS 200-10] ----------------------------------------------------------------
INFO: [SCHED 204-11] Starting scheduling ...
INFO: [SCHED 204-61] Pipelining loop 'VITIS_LOOP_109_1_VITIS_LOOP_111_2'.
INFO: [HLS 200-1470] Pipelining result : Target II = NA, Final II = 1, Depth = 2, loop 'VITIS_LOOP_109_1_VITIS_LOOP_111_2'
INFO: [SCHED 204-11] Finished scheduling.
INFO: [HLS 200-111] Finished Scheduling: CPU user time: 0.04 seconds. CPU system time: 0 seconds. Elapsed time: 0.04 seconds; current allocated memory: 1.547 GB.
INFO: [BIND 205-100] Starting micro-architecture generation ...
INFO: [BIND 205-101] Performing variable lifetime analysis.
INFO: [BIND 205-101] Exploring resource sharing.
INFO: [BIND 205-101] Binding ...
INFO: [BIND 205-100] Finished micro-architecture generation.
INFO: [HLS 200-111] Finished Binding: CPU user time: 0.03 seconds. CPU system time: 0 seconds. Elapsed time: 0.02 seconds; current allocated memory: 1.547 GB.
INFO: [HLS 200-10] ----------------------------------------------------------------
INFO: [HLS 200-42] -- Implementing module 'ExtractPixel' 
INFO: [HLS 200-10] ----------------------------------------------------------------
INFO: [SCHED 204-11] Starting scheduling ...
INFO: [SCHED 204-61] Pipelining function 'ExtractPixel'.
INFO: [HLS 200-1470] Pipelining result : Target II = NA, Final II = 1, Depth = 1, function 'ExtractPixel'
INFO: [SCHED 204-11] Finished scheduling.
INFO: [HLS 200-111] Finished Scheduling: CPU user time: 0.03 seconds. CPU system time: 0 seconds. Elapsed time: 0.03 seconds; current allocated memory: 1.547 GB.
INFO: [BIND 205-100] Starting micro-architecture generation ...
INFO: [BIND 205-101] Performing variable lifetime analysis.
INFO: [BIND 205-101] Exploring resource sharing.
INFO: [BIND 205-101] Binding ...
INFO: [BIND 205-100] Finished micro-architecture generation.
INFO: [HLS 200-111] Finished Binding: CPU user time: 0.02 seconds. CPU system time: 0 seconds. Elapsed time: 0.02 seconds; current allocated memory: 1.547 GB.
INFO: [HLS 200-10] ----------------------------------------------------------------
INFO: [HLS 200-42] -- Implementing module 'xfrgb2gray_1080_1920_s' 
INFO: [HLS 200-10] ----------------------------------------------------------------
INFO: [SCHED 204-11] Starting scheduling ...
INFO: [HLS 200-486] Changing DSP latency (root=mul_ln886_1) to 3 in order to utilize available DSP registers.
INFO: [HLS 200-486] Changing DSP latency (root=mul_ln886_2) to 3 in order to utilize available DSP registers.
INFO: [SCHED 204-61] Pipelining loop 'VITIS_LOOP_41_1_VITIS_LOOP_43_2'.
INFO: [HLS 200-1470] Pipelining result : Target II = NA, Final II = 1, Depth = 6, loop 'VITIS_LOOP_41_1_VITIS_LOOP_43_2'
INFO: [SCHED 204-11] Finished scheduling.
INFO: [HLS 200-111] Finished Scheduling: CPU user time: 0.05 seconds. CPU system time: 0 seconds. Elapsed time: 0.05 seconds; current allocated memory: 1.548 GB.
INFO: [BIND 205-100] Starting micro-architecture generation ...
INFO: [BIND 205-101] Performing variable lifetime analysis.
INFO: [BIND 205-101] Exploring resource sharing.
INFO: [BIND 205-101] Binding ...
INFO: [BIND 205-100] Finished micro-architecture generation.
INFO: [HLS 200-111] Finished Binding: CPU user time: 0.06 seconds. CPU system time: 0 seconds. Elapsed time: 0.05 seconds; current allocated memory: 1.548 GB.
INFO: [HLS 200-10] ----------------------------------------------------------------
INFO: [HLS 200-42] -- Implementing module 'xFSobelFilter3x3_Pipeline_Clear_Row_Loop' 
INFO: [HLS 200-10] ----------------------------------------------------------------
INFO: [SCHED 204-11] Starting scheduling ...
INFO: [SCHED 204-61] Pipelining loop 'Clear_Row_Loop'.
INFO: [HLS 200-1470] Pipelining result : Target II = NA, Final II = 1, Depth = 2, loop 'Clear_Row_Loop'
INFO: [SCHED 204-11] Finished scheduling.
INFO: [HLS 200-111] Finished Scheduling: CPU user time: 0.04 seconds. CPU system time: 0 seconds. Elapsed time: 0.04 seconds; current allocated memory: 1.548 GB.
INFO: [BIND 205-100] Starting micro-architecture generation ...
INFO: [BIND 205-101] Performing variable lifetime analysis.
INFO: [BIND 205-101] Exploring resource sharing.
INFO: [BIND 205-101] Binding ...
INFO: [BIND 205-100] Finished micro-architecture generation.
INFO: [HLS 200-111] Finished Binding: CPU user time: 0.03 seconds. CPU system time: 0 seconds. Elapsed time: 0.03 seconds; current allocated memory: 1.548 GB.
INFO: [HLS 200-10] ----------------------------------------------------------------
INFO: [HLS 200-42] -- Implementing module 'xFGradientX3x3_0_0_s' 
INFO: [HLS 200-10] ----------------------------------------------------------------
INFO: [SCHED 204-11] Starting scheduling ...
INFO: [SCHED 204-61] Pipelining function 'xFGradientX3x3<0, 0>'.
INFO: [HLS 200-1470] Pipelining result : Target II = NA, Final II = 1, Depth = 1, function 'xFGradientX3x3<0, 0>'
INFO: [SCHED 204-11] Finished scheduling.
INFO: [HLS 200-111] Finished Scheduling: CPU user time: 0.05 seconds. CPU system time: 0 seconds. Elapsed time: 0.05 seconds; current allocated memory: 1.548 GB.
INFO: [BIND 205-100] Starting micro-architecture generation ...
INFO: [BIND 205-101] Performing variable lifetime analysis.
INFO: [BIND 205-101] Exploring resource sharing.
INFO: [BIND 205-101] Binding ...
INFO: [BIND 205-100] Finished micro-architecture generation.
INFO: [HLS 200-111] Finished Binding: CPU user time: 0.02 seconds. CPU system time: 0.01 seconds. Elapsed time: 0.02 seconds; current allocated memory: 1.548 GB.
INFO: [HLS 200-10] ----------------------------------------------------------------
INFO: [HLS 200-42] -- Implementing module 'xFGradientY3x3_0_0_s' 
INFO: [HLS 200-10] ----------------------------------------------------------------
INFO: [SCHED 204-11] Starting scheduling ...
INFO: [SCHED 204-61] Pipelining function 'xFGradientY3x3<0, 0>'.
INFO: [HLS 200-1470] Pipelining result : Target II = NA, Final II = 1, Depth = 2, function 'xFGradientY3x3<0, 0>'
INFO: [SCHED 204-11] Finished scheduling.
INFO: [HLS 200-111] Finished Scheduling: CPU user time: 0.06 seconds. CPU system time: 0 seconds. Elapsed time: 0.06 seconds; current allocated memory: 1.549 GB.
INFO: [BIND 205-100] Starting micro-architecture generation ...
INFO: [BIND 205-101] Performing variable lifetime analysis.
INFO: [BIND 205-101] Exploring resource sharing.
INFO: [BIND 205-101] Binding ...
INFO: [BIND 205-100] Finished micro-architecture generation.
INFO: [HLS 200-111] Finished Binding: CPU user time: 0.03 seconds. CPU system time: 0 seconds. Elapsed time: 0.03 seconds; current allocated memory: 1.549 GB.
INFO: [HLS 200-10] ----------------------------------------------------------------
INFO: [HLS 200-42] -- Implementing module 'xFSobel3x3_1_1_0_0_s' 
INFO: [HLS 200-10] ----------------------------------------------------------------
INFO: [SCHED 204-11] Starting scheduling ...
INFO: [SCHED 204-61] Pipelining function 'xFSobel3x3<1, 1, 0, 0>'.
INFO: [HLS 200-1470] Pipelining result : Target II = NA, Final II = 1, Depth = 2, function 'xFSobel3x3<1, 1, 0, 0>'
INFO: [SCHED 204-11] Finished scheduling.
INFO: [HLS 200-111] Finished Scheduling: CPU user time: 0.03 seconds. CPU system time: 0 seconds. Elapsed time: 0.04 seconds; current allocated memory: 1.549 GB.
INFO: [BIND 205-100] Starting micro-architecture generation ...
INFO: [BIND 205-101] Performing variable lifetime analysis.
INFO: [BIND 205-101] Exploring resource sharing.
INFO: [BIND 205-101] Binding ...
INFO: [BIND 205-100] Finished micro-architecture generation.
INFO: [HLS 200-111] Finished Binding: CPU user time: 0.03 seconds. CPU system time: 0 seconds. Elapsed time: 0.03 seconds; current allocated memory: 1.549 GB.
INFO: [HLS 200-10] ----------------------------------------------------------------
INFO: [HLS 200-42] -- Implementing module 'xFSobelFilter3x3_Pipeline_Col_Loop' 
INFO: [HLS 200-10] ----------------------------------------------------------------
INFO: [SCHED 204-11] Starting scheduling ...
INFO: [SCHED 204-61] Pipelining loop 'Col_Loop'.
INFO: [HLS 200-1470] Pipelining result : Target II = NA, Final II = 1, Depth = 6, loop 'Col_Loop'
INFO: [SCHED 204-11] Finished scheduling.
INFO: [HLS 200-111] Finished Scheduling: CPU user time: 0.06 seconds. CPU system time: 0 seconds. Elapsed time: 0.07 seconds; current allocated memory: 1.550 GB.
INFO: [BIND 205-100] Starting micro-architecture generation ...
INFO: [BIND 205-101] Performing variable lifetime analysis.
INFO: [BIND 205-101] Exploring resource sharing.
INFO: [BIND 205-101] Binding ...
INFO: [BIND 205-100] Finished micro-architecture generation.
INFO: [HLS 200-111] Finished Binding: CPU user time: 0.06 seconds. CPU system time: 0 seconds. Elapsed time: 0.06 seconds; current allocated memory: 1.550 GB.
INFO: [HLS 200-10] ----------------------------------------------------------------
INFO: [HLS 200-42] -- Implementing module 'xFSobelFilter3x3_0_0_1080_1920_1_0_0_1_2_2_2_1_1_1920_false_s' 
INFO: [HLS 200-10] ----------------------------------------------------------------
INFO: [SCHED 204-11] Starting scheduling ...
INFO: [SCHED 204-11] Finished scheduling.
INFO: [HLS 200-111] Finished Scheduling: CPU user time: 0.08 seconds. CPU system time: 0 seconds. Elapsed time: 0.08 seconds; current allocated memory: 1.550 GB.
INFO: [BIND 205-100] Starting micro-architecture generation ...
INFO: [BIND 205-101] Performing variable lifetime analysis.
INFO: [BIND 205-101] Exploring resource sharing.
INFO: [BIND 205-101] Binding ...
INFO: [BIND 205-100] Finished micro-architecture generation.
INFO: [HLS 200-111] Finished Binding: CPU user time: 0.07 seconds. CPU system time: 0 seconds. Elapsed time: 0.06 seconds; current allocated memory: 1.550 GB.
INFO: [HLS 200-10] ----------------------------------------------------------------
INFO: [HLS 200-42] -- Implementing module 'AddWeightedKernel_1080_1920_s' 
INFO: [HLS 200-10] ----------------------------------------------------------------
INFO: [SCHED 204-11] Starting scheduling ...
INFO: [SCHED 204-61] Pipelining loop 'VITIS_LOOP_77_1_VITIS_LOOP_79_2'.
INFO: [HLS 200-1470] Pipelining result : Target II = NA, Final II = 1, Depth = 3, loop 'VITIS_LOOP_77_1_VITIS_LOOP_79_2'
INFO: [SCHED 204-11] Finished scheduling.
INFO: [HLS 200-111] Finished Scheduling: CPU user time: 0.06 seconds. CPU system time: 0 seconds. Elapsed time: 0.06 seconds; current allocated memory: 1.551 GB.
INFO: [BIND 205-100] Starting micro-architecture generation ...
INFO: [BIND 205-101] Performing variable lifetime analysis.
INFO: [BIND 205-101] Exploring resource sharing.
INFO: [BIND 205-101] Binding ...
INFO: [BIND 205-100] Finished micro-architecture generation.
INFO: [HLS 200-111] Finished Binding: CPU user time: 0.03 seconds. CPU system time: 0 seconds. Elapsed time: 0.04 seconds; current allocated memory: 1.551 GB.
INFO: [HLS 200-10] ----------------------------------------------------------------
INFO: [HLS 200-42] -- Implementing module 'sum_of_stream_1080_1920_s' 
INFO: [HLS 200-10] ----------------------------------------------------------------
INFO: [SCHED 204-11] Starting scheduling ...
INFO: [SCHED 204-61] Pipelining loop 'VITIS_LOOP_21_1_VITIS_LOOP_23_2'.
INFO: [HLS 200-1470] Pipelining result : Target II = NA, Final II = 1, Depth = 2, loop 'VITIS_LOOP_21_1_VITIS_LOOP_23_2'
INFO: [SCHED 204-11] Finished scheduling.
INFO: [HLS 200-111] Finished Scheduling: CPU user time: 0.04 seconds. CPU system time: 0 seconds. Elapsed time: 0.04 seconds; current allocated memory: 1.551 GB.
INFO: [BIND 205-100] Starting micro-architecture generation ...
INFO: [BIND 205-101] Performing variable lifetime analysis.
INFO: [BIND 205-101] Exploring resource sharing.
INFO: [BIND 205-101] Binding ...
INFO: [BIND 205-100] Finished micro-architecture generation.
INFO: [HLS 200-111] Finished Binding: CPU user time: 0.03 seconds. CPU system time: 0 seconds. Elapsed time: 0.03 seconds; current allocated memory: 1.551 GB.
INFO: [HLS 200-10] ----------------------------------------------------------------
INFO: [HLS 200-42] -- Implementing module 'xfMat2AXIvideo_24_16_1080_1920_1_2_Pipeline_loop_col_mat2axi' 
INFO: [HLS 200-10] ----------------------------------------------------------------
INFO: [SCHED 204-11] Starting scheduling ...
INFO: [SCHED 204-61] Pipelining loop 'loop_col_mat2axi'.
INFO: [HLS 200-1470] Pipelining result : Target II = 1, Final II = 1, Depth = 2, loop 'loop_col_mat2axi'
INFO: [SCHED 204-11] Finished scheduling.
INFO: [HLS 200-111] Finished Scheduling: CPU user time: 0.03 seconds. CPU system time: 0 seconds. Elapsed time: 0.04 seconds; current allocated memory: 1.551 GB.
INFO: [BIND 205-100] Starting micro-architecture generation ...
INFO: [BIND 205-101] Performing variable lifetime analysis.
INFO: [BIND 205-101] Exploring resource sharing.
INFO: [BIND 205-101] Binding ...
INFO: [BIND 205-100] Finished micro-architecture generation.
INFO: [HLS 200-111] Finished Binding: CPU user time: 0.02 seconds. CPU system time: 0 seconds. Elapsed time: 0.03 seconds; current allocated memory: 1.551 GB.
INFO: [HLS 200-10] ----------------------------------------------------------------
INFO: [HLS 200-42] -- Implementing module 'xfMat2AXIvideo_24_16_1080_1920_1_2_s' 
INFO: [HLS 200-10] ----------------------------------------------------------------
INFO: [SCHED 204-11] Starting scheduling ...
INFO: [SCHED 204-11] Finished scheduling.
INFO: [HLS 200-111] Finished Scheduling: CPU user time: 0.03 seconds. CPU system time: 0.01 seconds. Elapsed time: 0.04 seconds; current allocated memory: 1.552 GB.
INFO: [BIND 205-100] Starting micro-architecture generation ...
INFO: [BIND 205-101] Performing variable lifetime analysis.
INFO: [BIND 205-101] Exploring resource sharing.
INFO: [BIND 205-101] Binding ...
INFO: [BIND 205-100] Finished micro-architecture generation.
INFO: [HLS 200-111] Finished Binding: CPU user time: 0.04 seconds. CPU system time: 0 seconds. Elapsed time: 0.04 seconds; current allocated memory: 1.552 GB.
INFO: [HLS 200-10] ----------------------------------------------------------------
INFO: [HLS 200-42] -- Implementing module 'sobel_focus' 
INFO: [HLS 200-10] ----------------------------------------------------------------
INFO: [SCHED 204-11] Starting scheduling ...
INFO: [SCHED 204-11] Finished scheduling.
INFO: [HLS 200-111] Finished Scheduling: CPU user time: 0.06 seconds. CPU system time: 0 seconds. Elapsed time: 0.05 seconds; current allocated memory: 1.552 GB.
INFO: [BIND 205-100] Starting micro-architecture generation ...
INFO: [BIND 205-101] Performing variable lifetime analysis.
INFO: [BIND 205-101] Exploring resource sharing.
INFO: [BIND 205-101] Binding ...
INFO: [BIND 205-100] Finished micro-architecture generation.
INFO: [HLS 200-111] Finished Binding: CPU user time: 0.1 seconds. CPU system time: 0 seconds. Elapsed time: 0.1 seconds; current allocated memory: 1.552 GB.
INFO: [HLS 200-10] ----------------------------------------------------------------
INFO: [HLS 200-10] -- Generating RTL for module 'AXIvideo2xfMat_24_16_1080_1920_1_2_Pipeline_loop_start_hunt' 
INFO: [HLS 200-10] ----------------------------------------------------------------
INFO: [RTGEN 206-100] Finished creating RTL model for 'AXIvideo2xfMat_24_16_1080_1920_1_2_Pipeline_loop_start_hunt'.
INFO: [HLS 200-111] Finished Creating RTL model: CPU user time: 0.04 seconds. CPU system time: 0 seconds. Elapsed time: 0.05 seconds; current allocated memory: 1.552 GB.
INFO: [HLS 200-10] ----------------------------------------------------------------
INFO: [HLS 200-10] -- Generating RTL for module 'AXIvideo2xfMat_24_16_1080_1920_1_2_Pipeline_loop_col_zxi2mat' 
INFO: [HLS 200-10] ----------------------------------------------------------------
INFO: [HLS 200-1030] Apply Unified Pipeline Control on module 'AXIvideo2xfMat_24_16_1080_1920_1_2_Pipeline_loop_col_zxi2mat' pipeline 'loop_col_zxi2mat' pipeline type 'loop pipeline'
INFO: [RTGEN 206-100] Finished creating RTL model for 'AXIvideo2xfMat_24_16_1080_1920_1_2_Pipeline_loop_col_zxi2mat'.
INFO: [HLS 200-111] Finished Creating RTL model: CPU user time: 0.05 seconds. CPU system time: 0 seconds. Elapsed time: 0.05 seconds; current allocated memory: 1.553 GB.
INFO: [HLS 200-10] ----------------------------------------------------------------
INFO: [HLS 200-10] -- Generating RTL for module 'AXIvideo2xfMat_24_16_1080_1920_1_2_Pipeline_loop_last_hunt' 
INFO: [HLS 200-10] ----------------------------------------------------------------
INFO: [RTGEN 206-100] Finished creating RTL model for 'AXIvideo2xfMat_24_16_1080_1920_1_2_Pipeline_loop_last_hunt'.
INFO: [HLS 200-111] Finished Creating RTL model: CPU user time: 0.11 seconds. CPU system time: 0.01 seconds. Elapsed time: 0.11 seconds; current allocated memory: 1.554 GB.
INFO: [HLS 200-10] ----------------------------------------------------------------
INFO: [HLS 200-10] -- Generating RTL for module 'AXIvideo2xfMat_24_16_1080_1920_1_2_s' 
INFO: [HLS 200-10] ----------------------------------------------------------------
INFO: [RTGEN 206-100] Finished creating RTL model for 'AXIvideo2xfMat_24_16_1080_1920_1_2_s'.
INFO: [HLS 200-111] Finished Creating RTL model: CPU user time: 0.04 seconds. CPU system time: 0 seconds. Elapsed time: 0.05 seconds; current allocated memory: 1.554 GB.
INFO: [HLS 200-10] ----------------------------------------------------------------
INFO: [HLS 200-10] -- Generating RTL for module 'duplicate_1080_1920_s' 
INFO: [HLS 200-10] ----------------------------------------------------------------
INFO: [HLS 200-1030] Apply Unified Pipeline Control on module 'duplicate_1080_1920_s' pipeline 'VITIS_LOOP_109_1_VITIS_LOOP_111_2' pipeline type 'loop pipeline'
INFO: [RTGEN 206-100] Finished creating RTL model for 'duplicate_1080_1920_s'.
INFO: [HLS 200-111] Finished Creating RTL model: CPU user time: 0.06 seconds. CPU system time: 0.01 seconds. Elapsed time: 0.06 seconds; current allocated memory: 1.555 GB.
INFO: [HLS 200-10] ----------------------------------------------------------------
INFO: [HLS 200-10] -- Generating RTL for module 'ExtractPixel' 
INFO: [HLS 200-10] ----------------------------------------------------------------
INFO: [RTGEN 206-100] Finished creating RTL model for 'ExtractPixel'.
INFO: [HLS 200-111] Finished Creating RTL model: CPU user time: 0.07 seconds. CPU system time: 0 seconds. Elapsed time: 0.06 seconds; current allocated memory: 1.556 GB.
INFO: [HLS 200-10] ----------------------------------------------------------------
INFO: [HLS 200-10] -- Generating RTL for module 'xfrgb2gray_1080_1920_s' 
INFO: [HLS 200-10] ----------------------------------------------------------------
INFO: [HLS 200-1030] Apply Unified Pipeline Control on module 'xfrgb2gray_1080_1920_s' pipeline 'VITIS_LOOP_41_1_VITIS_LOOP_43_2' pipeline type 'loop pipeline'
INFO: [RTGEN 206-100] Generating core module 'mac_muladd_8ns_12ns_22ns_22_4_1': 1 instance(s).
INFO: [RTGEN 206-100] Generating core module 'mac_muladd_8ns_15ns_22ns_23_4_1': 1 instance(s).
INFO: [RTGEN 206-100] Generating core module 'mul_8ns_15ns_22_1_1': 1 instance(s).
INFO: [RTGEN 206-100] Finished creating RTL model for 'xfrgb2gray_1080_1920_s'.
INFO: [HLS 200-111] Finished Creating RTL model: CPU user time: 0.04 seconds. CPU system time: 0.01 seconds. Elapsed time: 0.04 seconds; current allocated memory: 1.556 GB.
INFO: [HLS 200-10] ----------------------------------------------------------------
INFO: [HLS 200-10] -- Generating RTL for module 'xFSobelFilter3x3_Pipeline_Clear_Row_Loop' 
INFO: [HLS 200-10] ----------------------------------------------------------------
INFO: [HLS 200-1030] Apply Unified Pipeline Control on module 'xFSobelFilter3x3_Pipeline_Clear_Row_Loop' pipeline 'Clear_Row_Loop' pipeline type 'loop pipeline'
INFO: [RTGEN 206-100] Finished creating RTL model for 'xFSobelFilter3x3_Pipeline_Clear_Row_Loop'.
INFO: [HLS 200-111] Finished Creating RTL model: CPU user time: 0.06 seconds. CPU system time: 0.01 seconds. Elapsed time: 0.08 seconds; current allocated memory: 1.557 GB.
INFO: [HLS 200-10] ----------------------------------------------------------------
INFO: [HLS 200-10] -- Generating RTL for module 'xFGradientX3x3_0_0_s' 
INFO: [HLS 200-10] ----------------------------------------------------------------
INFO: [RTGEN 206-100] Finished creating RTL model for 'xFGradientX3x3_0_0_s'.
INFO: [HLS 200-111] Finished Creating RTL model: CPU user time: 0.06 seconds. CPU system time: 0 seconds. Elapsed time: 0.06 seconds; current allocated memory: 1.558 GB.
INFO: [HLS 200-10] ----------------------------------------------------------------
INFO: [HLS 200-10] -- Generating RTL for module 'xFGradientY3x3_0_0_s' 
INFO: [HLS 200-10] ----------------------------------------------------------------
INFO: [RTGEN 206-100] Finished creating RTL model for 'xFGradientY3x3_0_0_s'.
INFO: [HLS 200-111] Finished Creating RTL model: CPU user time: 0.05 seconds. CPU system time: 0 seconds. Elapsed time: 0.06 seconds; current allocated memory: 1.559 GB.
INFO: [HLS 200-10] ----------------------------------------------------------------
INFO: [HLS 200-10] -- Generating RTL for module 'xFSobel3x3_1_1_0_0_s' 
INFO: [HLS 200-10] ----------------------------------------------------------------
INFO: [RTGEN 206-100] Finished creating RTL model for 'xFSobel3x3_1_1_0_0_s'.
INFO: [HLS 200-111] Finished Creating RTL model: CPU user time: 0.06 seconds. CPU system time: 0 seconds. Elapsed time: 0.06 seconds; current allocated memory: 1.560 GB.
INFO: [HLS 200-10] ----------------------------------------------------------------
INFO: [HLS 200-10] -- Generating RTL for module 'xFSobelFilter3x3_Pipeline_Col_Loop' 
INFO: [HLS 200-10] ----------------------------------------------------------------
WARNING: [HLS 200-2049] Adding the rewind optimization to the pipelined process 'Col_Loop' with inout ports inside a dataflow region can result in the creation of loop-carried dependencies and errors. Use caution when adding the rewind optimization to such loops.
INFO: [HLS 200-1030] Apply Unified Pipeline Control on module 'xFSobelFilter3x3_Pipeline_Col_Loop' pipeline 'Col_Loop' pipeline type 'loop pipeline'
INFO: [RTGEN 206-100] Generating core module 'mux_3_2_8_1_1': 3 instance(s).
INFO: [RTGEN 206-100] Finished creating RTL model for 'xFSobelFilter3x3_Pipeline_Col_Loop'.
INFO: [HLS 200-111] Finished Creating RTL model: CPU user time: 0.06 seconds. CPU system time: 0.01 seconds. Elapsed time: 0.06 seconds; current allocated memory: 1.561 GB.
INFO: [HLS 200-10] ----------------------------------------------------------------
INFO: [HLS 200-10] -- Generating RTL for module 'xFSobelFilter3x3_0_0_1080_1920_1_0_0_1_2_2_2_1_1_1920_false_s' 
INFO: [HLS 200-10] ----------------------------------------------------------------
INFO: [SYN 201-210] Renamed object name 'xFSobelFilter3x3_0_0_1080_1920_1_0_0_1_2_2_2_1_1_1920_false_s_buf_RAM_S2P_BRAM_1R1W' to 'xFSobelFilter3x3_0_0_1080_1920_1_0_0_1_2_2_2_1_1_1920_false_s_buf_RAM_S2P_BRAbkb' due to the length limit 80
INFO: [SYN 201-210] Renamed object name 'xFSobelFilter3x3_0_0_1080_1920_1_0_0_1_2_2_2_1_1_1920_false_s_buf_1_RAM_S2P_BRAM_1R1W' to 'xFSobelFilter3x3_0_0_1080_1920_1_0_0_1_2_2_2_1_1_1920_false_s_buf_1_RAM_S2P_Bcud' due to the length limit 80
INFO: [SYN 201-210] Renamed object name 'xFSobelFilter3x3_0_0_1080_1920_1_0_0_1_2_2_2_1_1_1920_false_s_buf_2_RAM_S2P_BRAM_1R1W' to 'xFSobelFilter3x3_0_0_1080_1920_1_0_0_1_2_2_2_1_1_1920_false_s_buf_2_RAM_S2P_BdEe' due to the length limit 80
INFO: [RTGEN 206-100] Finished creating RTL model for 'xFSobelFilter3x3_0_0_1080_1920_1_0_0_1_2_2_2_1_1_1920_false_s'.
INFO: [RTMG 210-278] Implementing memory 'sobel_focus_xFSobelFilter3x3_0_0_1080_1920_1_0_0_1_2_2_2_1_1_1920_false_s_buf_RAM_S2P_BRAbkb' using block RAMs.
INFO: [HLS 200-111] Finished Creating RTL model: CPU user time: 0.15 seconds. CPU system time: 0 seconds. Elapsed time: 0.16 seconds; current allocated memory: 1.563 GB.
INFO: [HLS 200-10] ----------------------------------------------------------------
INFO: [HLS 200-10] -- Generating RTL for module 'AddWeightedKernel_1080_1920_s' 
INFO: [HLS 200-10] ----------------------------------------------------------------
INFO: [HLS 200-1030] Apply Unified Pipeline Control on module 'AddWeightedKernel_1080_1920_s' pipeline 'VITIS_LOOP_77_1_VITIS_LOOP_79_2' pipeline type 'loop pipeline'
INFO: [RTGEN 206-100] Finished creating RTL model for 'AddWeightedKernel_1080_1920_s'.
INFO: [HLS 200-111] Finished Creating RTL model: CPU user time: 0.09 seconds. CPU system time: 0.01 seconds. Elapsed time: 0.1 seconds; current allocated memory: 1.565 GB.
INFO: [HLS 200-10] ----------------------------------------------------------------
INFO: [HLS 200-10] -- Generating RTL for module 'sum_of_stream_1080_1920_s' 
INFO: [HLS 200-10] ----------------------------------------------------------------
INFO: [HLS 200-1030] Apply Unified Pipeline Control on module 'sum_of_stream_1080_1920_s' pipeline 'VITIS_LOOP_21_1_VITIS_LOOP_23_2' pipeline type 'loop pipeline'
INFO: [RTGEN 206-100] Finished creating RTL model for 'sum_of_stream_1080_1920_s'.
INFO: [HLS 200-111] Finished Creating RTL model: CPU user time: 0.07 seconds. CPU system time: 0 seconds. Elapsed time: 0.07 seconds; current allocated memory: 1.566 GB.
INFO: [HLS 200-10] ----------------------------------------------------------------
INFO: [HLS 200-10] -- Generating RTL for module 'xfMat2AXIvideo_24_16_1080_1920_1_2_Pipeline_loop_col_mat2axi' 
INFO: [HLS 200-10] ----------------------------------------------------------------
INFO: [HLS 200-1030] Apply Unified Pipeline Control on module 'xfMat2AXIvideo_24_16_1080_1920_1_2_Pipeline_loop_col_mat2axi' pipeline 'loop_col_mat2axi' pipeline type 'loop pipeline'
INFO: [RTGEN 206-100] Finished creating RTL model for 'xfMat2AXIvideo_24_16_1080_1920_1_2_Pipeline_loop_col_mat2axi'.
INFO: [HLS 200-111] Finished Creating RTL model: CPU user time: 0.08 seconds. CPU system time: 0 seconds. Elapsed time: 0.08 seconds; current allocated memory: 1.566 GB.
INFO: [HLS 200-10] ----------------------------------------------------------------
INFO: [HLS 200-10] -- Generating RTL for module 'xfMat2AXIvideo_24_16_1080_1920_1_2_s' 
INFO: [HLS 200-10] ----------------------------------------------------------------
INFO: [RTGEN 206-100] Finished creating RTL model for 'xfMat2AXIvideo_24_16_1080_1920_1_2_s'.
INFO: [HLS 200-111] Finished Creating RTL model: CPU user time: 0.07 seconds. CPU system time: 0.01 seconds. Elapsed time: 0.09 seconds; current allocated memory: 1.567 GB.
INFO: [HLS 200-10] ----------------------------------------------------------------
INFO: [HLS 200-10] -- Generating RTL for module 'sobel_focus' 
INFO: [HLS 200-10] ----------------------------------------------------------------
WARNING: [RTGEN 206-101] Design contains AXI ports. Reset is fixed to synchronous and active low.
INFO: [RTGEN 206-500] Setting interface mode on port 'sobel_focus/src_V_data_V' to 'axis' (register, both mode).
INFO: [RTGEN 206-500] Setting interface mode on port 'sobel_focus/src_V_keep_V' to 'axis' (register, both mode).
INFO: [RTGEN 206-500] Setting interface mode on port 'sobel_focus/src_V_strb_V' to 'axis' (register, both mode).
INFO: [RTGEN 206-500] Setting interface mode on port 'sobel_focus/src_V_user_V' to 'axis' (register, both mode).
INFO: [RTGEN 206-500] Setting interface mode on port 'sobel_focus/src_V_last_V' to 'axis' (register, both mode).
INFO: [RTGEN 206-500] Setting interface mode on port 'sobel_focus/src_V_id_V' to 'axis' (register, both mode).
INFO: [RTGEN 206-500] Setting interface mode on port 'sobel_focus/src_V_dest_V' to 'axis' (register, both mode).
INFO: [RTGEN 206-500] Setting interface mode on port 'sobel_focus/dst_V_data_V' to 'axis' (register, both mode).
INFO: [RTGEN 206-500] Setting interface mode on port 'sobel_focus/dst_V_keep_V' to 'axis' (register, both mode).
INFO: [RTGEN 206-500] Setting interface mode on port 'sobel_focus/dst_V_strb_V' to 'axis' (register, both mode).
INFO: [RTGEN 206-500] Setting interface mode on port 'sobel_focus/dst_V_user_V' to 'axis' (register, both mode).
INFO: [RTGEN 206-500] Setting interface mode on port 'sobel_focus/dst_V_last_V' to 'axis' (register, both mode).
INFO: [RTGEN 206-500] Setting interface mode on port 'sobel_focus/dst_V_id_V' to 'axis' (register, both mode).
INFO: [RTGEN 206-500] Setting interface mode on port 'sobel_focus/dst_V_dest_V' to 'axis' (register, both mode).
INFO: [RTGEN 206-500] Setting interface mode on port 'sobel_focus/average' to 's_axilite & ap_vld'.
INFO: [RTGEN 206-500] Setting interface mode on function 'sobel_focus' to 'ap_ctrl_none'.
INFO: [RTGEN 206-100] Bundling port 'average' to AXI-Lite port control.
INFO: [RTGEN 206-100] Finished creating RTL model for 'sobel_focus'.
INFO: [RTMG 210-285] Implementing FIFO 'srcImg_data_U(sobel_focus_fifo_w24_d2_S)' using Shift Registers.
INFO: [RTMG 210-285] Implementing FIFO 'split0_data_U(sobel_focus_fifo_w24_d2_S)' using Shift Registers.
INFO: [RTMG 210-285] Implementing FIFO 'split1_data_U(sobel_focus_fifo_w24_d2_S)' using Shift Registers.
INFO: [RTMG 210-285] Implementing FIFO 'grayImg_data_U(sobel_focus_fifo_w8_d2_S)' using Shift Registers.
INFO: [RTMG 210-285] Implementing FIFO 'sobelImg_x_data_U(sobel_focus_fifo_w8_d2_S)' using Shift Registers.
INFO: [RTMG 210-285] Implementing FIFO 'sobelImg_y_data_U(sobel_focus_fifo_w8_d2_S)' using Shift Registers.
INFO: [RTMG 210-285] Implementing FIFO 'sobelImg_data_U(sobel_focus_fifo_w8_d2_S)' using Shift Registers.
INFO: [RTMG 210-285] Implementing FIFO 'start_for_duplicate_1080_1920_U0_U(sobel_focus_start_for_duplicate_1080_1920_U0)' using Shift Registers.
INFO: [RTMG 210-285] Implementing FIFO 'start_for_xfrgb2gray_1080_1920_U0_U(sobel_focus_start_for_xfrgb2gray_1080_1920_U0)' using Shift Registers.
INFO: [RTMG 210-285] Implementing FIFO 'start_for_xfMat2AXIvideo_24_16_1080_1920_1_2_U0_U(sobel_focus_start_for_xfMat2AXIvideo_24_16_1080_1920_1_2_U0)' using Shift Registers.
INFO: [RTMG 210-285] Implementing FIFO 'start_for_xFSobelFilter3x3_0_0_1080_1920_1_0_0_1_2_2_2_1_1_1920_false_U0_U(sobel_focus_start_for_xFSobelFilter3x3_0_0_1080_1920_1_0_0_1_2_2_2_1_1_1920_false_U0)' using Shift Registers.
INFO: [RTMG 210-285] Implementing FIFO 'start_for_AddWeightedKernel_1080_1920_U0_U(sobel_focus_start_for_AddWeightedKernel_1080_1920_U0)' using Shift Registers.
INFO: [RTMG 210-285] Implementing FIFO 'start_for_sum_of_stream_1080_1920_U0_U(sobel_focus_start_for_sum_of_stream_1080_1920_U0)' using Shift Registers.
INFO: [HLS 200-111] Finished Creating RTL model: CPU user time: 0.11 seconds. CPU system time: 0.01 seconds. Elapsed time: 0.12 seconds; current allocated memory: 1.569 GB.
INFO: [HLS 200-111] Finished Generating all RTL models: CPU user time: 0.47 seconds. CPU system time: 0.02 seconds. Elapsed time: 0.49 seconds; current allocated memory: 1.571 GB.
