

================================================================
== Synthesis Summary Report of 'mem2stream'
================================================================
+ General Information: 
    * Date:           Tue Jan  9 15:42:05 2024
    * Version:        2023.1 (Build 3854077 on May  4 2023)
    * Project:        mem2stream
    * Solution:       solution1 (Vivado IP Flow Target)
    * Product family: zynq
    * Target device:  xc7z020-clg484-2
    

+ Performance & Resource Estimates: 
    
    PS: '+' for module; 'o' for loop; '*' for dataflow
    +------------------------------------------------------------------------------------------+------+------+---------------+-----------+------------+---------------+------------+----------+---------+---------+-----------+-----------+-----+
    |                                          Modules                                         | Issue|      |    Latency    |  Latency  |  Iteration |               |    Trip    |          |         |         |           |           |     |
    |                                          & Loops                                         | Type | Slack|    (cycles)   |    (ns)   |   Latency  |    Interval   |    Count   | Pipelined|  BRAM   |   DSP   |     FF    |    LUT    | URAM|
    +------------------------------------------------------------------------------------------+------+------+---------------+-----------+------------+---------------+------------+----------+---------+---------+-----------+-----------+-----+
    |+ mem2stream*                                                                             |     -|  0.00|  1159641186125|  1.160e+13|           -|  1159641186126|           -|  dataflow|  12 (4%)|  2 (~0%)|  2828 (2%)|  3553 (6%)|    -|
    | + mem2mat_1080_1920_s                                                                    |     -|  0.00|  1159641186125|  1.160e+13|           -|  1159641186125|           -|        no|   8 (2%)|  2 (~0%)|  1360 (1%)|  2030 (3%)|    -|
    |  + dataflow_parent_loop_proc                                                             |     -|  0.00|  1159641186123|  1.160e+13|           -|  1159641186123|           -|        no|   8 (2%)|  2 (~0%)|  1288 (1%)|  1779 (3%)|    -|
    |   o VITIS_LOOP_38_1                                                                      |     -|  7.30|  1159641186122|  1.160e+13|  1073741842|              -|        1080|        no|        -|        -|          -|          -|    -|
    |    + dataflow_in_loop_VITIS_LOOP_38_1_1*                                                 |     -|  0.00|     1073741840|  1.074e+10|           -|     1073741839|           -|  dataflow|   8 (2%)|  2 (~0%)|  1107 (1%)|  1716 (3%)|    -|
    |     + dataflow_in_loop_VITIS_LOOP_38_1_1_Block_newFuncRoot17_proc3                       |     -|  5.55|              1|     10.000|           -|              1|           -|        no|        -|        -|   44 (~0%)|   41 (~0%)|    -|
    |     + readmem4                                                                           |     -|  0.00|     1073741838|  1.074e+10|           -|     1073741838|           -|        no|        -|  2 (~0%)|  543 (~0%)|  1028 (1%)|    -|
    |      + readmem4_Pipeline_2                                                               |     -|  0.00|     1073741825|  1.074e+10|           -|     1073741825|           -|        no|        -|        -|   66 (~0%)|  117 (~0%)|    -|
    |       o Loop 1                                                                           |     -|  7.30|     1073741823|  1.074e+10|           2|              1|  1073741823|       yes|        -|        -|          -|          -|    -|
    |      + readmem4_Pipeline_1                                                               |     -|  0.00|     1073741825|  1.074e+10|           -|     1073741825|           -|        no|        -|        -|   66 (~0%)|  117 (~0%)|    -|
    |       o Loop 1                                                                           |     -|  7.30|     1073741823|  1.074e+10|           2|              1|  1073741823|       yes|        -|        -|          -|          -|    -|
    |     + dataflow_in_loop_VITIS_LOOP_38_1_1_Loop_VITIS_LOOP_43_2_proc5                      |     -|  0.48|           1924|  1.924e+04|           -|           1924|           -|        no|        -|        -|  155 (~0%)|  382 (~0%)|    -|
    |      + dataflow_in_loop_VITIS_LOOP_38_1_1_Loop_VITIS_LOOP_43_2_proc5_Pipeline_VITIS_LOO  |     -|  0.48|           1922|  1.922e+04|           -|           1922|           -|        no|        -|        -|  120 (~0%)|  183 (~0%)|    -|
    |       o VITIS_LOOP_43_2                                                                  |    II|  7.30|           1920|  1.920e+04|           5|              4|         480|       yes|        -|        -|          -|          -|    -|
    | + xfMat2AXIvideo_24_16_1080_1920_1_2_s                                                   |     -|  2.42|        2079002|  2.079e+07|           -|        2079002|           -|        no|        -|        -|   79 (~0%)|  215 (~0%)|    -|
    |  o loop_row_mat2axi                                                                      |     -|  7.30|        2079000|  2.079e+07|        1925|              -|        1080|        no|        -|        -|          -|          -|    -|
    |   + xfMat2AXIvideo_24_16_1080_1920_1_2_Pipeline_loop_col_mat2axi                         |     -|  3.90|           1923|  1.923e+04|           -|           1923|           -|        no|        -|        -|   18 (~0%)|  104 (~0%)|    -|
    |    o loop_col_mat2axi                                                                    |     -|  7.30|           1921|  1.921e+04|           2|              1|        1920|       yes|        -|        -|          -|          -|    -|
    +------------------------------------------------------------------------------------------+------+------+---------------+-----------+------------+---------------+------------+----------+---------+---------+-----------+-----------+-----+


================================================================
== HW Interfaces
================================================================
* M_AXI
+------------+------------+---------------+---------+--------+----------+-----------+--------------+--------------+-------------+-------------+-------------------+
| Interface  | Data Width | Address Width | Latency | Offset | Register | Max Widen | Max Read     | Max Write    | Num Read    | Num Write   | Resource Estimate |
|            | (SW->HW)   |               |         |        |          | Bitwidth  | Burst Length | Burst Length | Outstanding | Outstanding |                   |
+------------+------------+---------------+---------+--------+----------+-----------+--------------+--------------+-------------+-------------+-------------------+
| m_axi_gmem | 32 -> 32   | 64            | 0       | slave  | 0        | 0         | 16           | 16           | 16          | 16          | BRAM=4            |
+------------+------------+---------------+---------+--------+----------+-----------+--------------+--------------+-------------+-------------+-------------------+

* S_AXILITE Interfaces
+---------------+------------+---------------+--------+----------+
| Interface     | Data Width | Address Width | Offset | Register |
+---------------+------------+---------------+--------+----------+
| s_axi_control | 32         | 6             | 16     | 0        |
+---------------+------------+---------------+--------+----------+

* S_AXILITE Registers
+---------------+------------+--------+-------+--------+----------------------------------+----------------------------------------------------------------------+
| Interface     | Register   | Offset | Width | Access | Description                      | Bit Fields                                                           |
+---------------+------------+--------+-------+--------+----------------------------------+----------------------------------------------------------------------+
| s_axi_control | CTRL       | 0x00   | 32    | RW     | Control signals                  | 0=AP_START 1=AP_DONE 2=AP_IDLE 3=AP_READY 7=AUTO_RESTART 9=INTERRUPT |
| s_axi_control | GIER       | 0x04   | 32    | RW     | Global Interrupt Enable Register | 0=Enable                                                             |
| s_axi_control | IP_IER     | 0x08   | 32    | RW     | IP Interrupt Enable Register     | 0=CHAN0_INT_EN 1=CHAN1_INT_EN                                        |
| s_axi_control | IP_ISR     | 0x0c   | 32    | RW     | IP Interrupt Status Register     | 0=CHAN0_INT_ST 1=CHAN1_INT_ST                                        |
| s_axi_control | pMemPort_1 | 0x10   | 32    | W      | Data signal of pMemPort          |                                                                      |
| s_axi_control | pMemPort_2 | 0x14   | 32    | W      | Data signal of pMemPort          |                                                                      |
| s_axi_control | rows       | 0x1c   | 32    | W      | Data signal of rows              |                                                                      |
| s_axi_control | cols       | 0x24   | 32    | W      | Data signal of cols              |                                                                      |
+---------------+------------+--------+-------+--------+----------------------------------+----------------------------------------------------------------------+

* AXIS
+-----------+-----------+---------------+-------+-------+-----+-------+-------+--------+-------+-------+--------+
| Interface | Direction | Register Mode | TDATA | TDEST | TID | TKEEP | TLAST | TREADY | TSTRB | TUSER | TVALID |
+-----------+-----------+---------------+-------+-------+-----+-------+-------+--------+-------+-------+--------+
| vstream   | out       | both          | 24    | 1     | 1   | 3     | 1     | 1      | 3     | 1     | 1      |
+-----------+-----------+---------------+-------+-------+-----+-------+-------+--------+-------+-------+--------+

* Other Ports
+--------+---------+-----------+----------+
| Port   | Mode    | Direction | Bitwidth |
+--------+---------+-----------+----------+
| indexr | ap_none | out       | 32       |
| indexw | ap_none | in        | 32       |
+--------+---------+-----------+----------+

* TOP LEVEL CONTROL
+-----------+------------+-----------+
| Interface | Type       | Ports     |
+-----------+------------+-----------+
| ap_clk    | clock      | ap_clk    |
| ap_rst_n  | reset      | ap_rst_n  |
| interrupt | interrupt  | interrupt |
| ap_ctrl   | ap_ctrl_hs |           |
+-----------+------------+-----------+


================================================================
== SW I/O Information
================================================================
* Top Function Arguments
+----------+-----------+---------------------------------------------+
| Argument | Direction | Datatype                                    |
+----------+-----------+---------------------------------------------+
| vstream  | out       | stream<hls::axis<ap_uint<24>, 1, 1, 1>, 0>& |
| pMemPort | in        | unsigned int*                               |
| rows     | in        | int                                         |
| cols     | in        | int                                         |
| baseAddr | in        | int*                                        |
| indexw   | in        | int                                         |
| indexr   | out       | int&                                        |
+----------+-----------+---------------------------------------------+

* SW-to-HW Mapping
+----------+---------------+-----------+----------+--------------------------------------+
| Argument | HW Interface  | HW Type   | HW Usage | HW Info                              |
+----------+---------------+-----------+----------+--------------------------------------+
| vstream  | vstream       | interface |          |                                      |
| pMemPort | m_axi_gmem    | interface |          |                                      |
| pMemPort | s_axi_control | register  | offset   | name=pMemPort_1 offset=0x10 range=32 |
| pMemPort | s_axi_control | register  | offset   | name=pMemPort_2 offset=0x14 range=32 |
| rows     | s_axi_control | register  |          | name=rows offset=0x1c range=32       |
| cols     | s_axi_control | register  |          | name=cols offset=0x24 range=32       |
| baseAddr | s_axi_control | memory    |          | name=baseAddr offset=48 range=16     |
| indexw   | indexw        | port      |          |                                      |
| indexr   | indexr        | port      |          |                                      |
+----------+---------------+-----------+----------+--------------------------------------+


================================================================
== M_AXI Burst Information
================================================================
 Note: All burst requests might be further partitioned into multiple requests during RTL generation based on max_read_burst_length or max_write_burst_length settings.

* Inferred Burst Summary
+--------------+-----------+----------+-------+-----------+
| HW Interface | Direction | Length   | Width | Loop      |
+--------------+-----------+----------+-------+-----------+
| m_axi_gmem   | read      | variable | 32    | anonymous |
+--------------+-----------+----------+-------+-----------+


================================================================
== Bind Op Report
================================================================
+-----------------------------------------------------------------------------------------+-----+--------+----------------------------+------+--------+---------+
| Name                                                                                    | DSP | Pragma | Variable                   | Op   | Impl   | Latency |
+-----------------------------------------------------------------------------------------+-----+--------+----------------------------+------+--------+---------+
| + mem2stream                                                                            | 2   |        |                            |      |        |         |
|  + mem2mat_1080_1920_s                                                                  | 2   |        |                            |      |        |         |
|    add_ln34_fu_170_p2                                                                   | -   |        | add_ln34                   | add  | fabric | 0       |
|   + dataflow_parent_loop_proc                                                           | 2   |        |                            |      |        |         |
|    + dataflow_in_loop_VITIS_LOOP_38_1_1                                                 | 2   |        |                            |      |        |         |
|      p_cast16_loc_i_i_channel_U                                                         | -   |        | p_cast16_loc_i_i_channel   | fifo | srl    | 0       |
|      trunc_ln42_loc_i_i_channel_U                                                       | -   |        | trunc_ln42_loc_i_i_channel | fifo | srl    | 0       |
|     + readmem4                                                                          | 2   |        |                            |      |        |         |
|       sub_ln32_fu_181_p2                                                                | -   |        | sub_ln32                   | sub  | fabric | 0       |
|       sub_ln32_1_fu_195_p2                                                              | -   |        | sub_ln32_1                 | sub  | fabric | 0       |
|       sub_ln32_2_fu_228_p2                                                              | -   |        | sub_ln32_2                 | sub  | fabric | 0       |
|       sub_ln21_fu_294_p2                                                                | -   |        | sub_ln21                   | sub  | fabric | 0       |
|       add_ln9_fu_300_p2                                                                 | -   |        | add_ln9                    | add  | fabric | 0       |
|       sub_ln11_fu_312_p2                                                                | -   |        | sub_ln11                   | sub  | fabric | 0       |
|       mul_31s_12ns_32_1_1_U12                                                           | 2   |        | mul_ln15                   | mul  | auto   | 0       |
|       empty_37_fu_371_p2                                                                | -   |        | empty_37                   | add  | fabric | 0       |
|       empty_38_fu_388_p2                                                                | -   |        | empty_38                   | add  | fabric | 0       |
|       empty_fu_353_p2                                                                   | -   |        | empty                      | add  | fabric | 0       |
|      + readmem4_Pipeline_2                                                              | 0   |        |                            |      |        |         |
|        empty_fu_99_p2                                                                   | -   |        | empty                      | add  | fabric | 0       |
|      + readmem4_Pipeline_1                                                              | 0   |        |                            |      |        |         |
|        empty_fu_99_p2                                                                   | -   |        | empty                      | add  | fabric | 0       |
|     + dataflow_in_loop_VITIS_LOOP_38_1_1_Loop_VITIS_LOOP_43_2_proc5                     | 0   |        |                            |      |        |         |
|       add_ln43_fu_62_p2                                                                 | -   |        | add_ln43                   | add  | fabric | 0       |
|       sub_ln43_fu_75_p2                                                                 | -   |        | sub_ln43                   | sub  | fabric | 0       |
|       sub_ln43_1_fu_90_p2                                                               | -   |        | sub_ln43_1                 | sub  | fabric | 0       |
|      + dataflow_in_loop_VITIS_LOOP_38_1_1_Loop_VITIS_LOOP_43_2_proc5_Pipeline_VITIS_LOO | 0   |        |                            |      |        |         |
|        col_3_fu_156_p2                                                                  | -   |        | col_3                      | add  | fabric | 0       |
|  + xfMat2AXIvideo_24_16_1080_1920_1_2_s                                                 | 0   |        |                            |      |        |         |
|    sub_fu_131_p2                                                                        | -   |        | sub                        | add  | fabric | 0       |
|    i_2_fu_161_p2                                                                        | -   |        | i_2                        | add  | fabric | 0       |
|   + xfMat2AXIvideo_24_16_1080_1920_1_2_Pipeline_loop_col_mat2axi                        | 0   |        |                            |      |        |         |
|     j_2_fu_170_p2                                                                       | -   |        | j_2                        | add  | fabric | 0       |
+-----------------------------------------------------------------------------------------+-----+--------+----------------------------+------+--------+---------+


================================================================
== Bind Storage Report
================================================================
+-----------------------------------------+------+------+--------+------------+---------+--------+---------+
| Name                                    | BRAM | URAM | Pragma | Variable   | Storage | Impl   | Latency |
+-----------------------------------------+------+------+--------+------------+---------+--------+---------+
| + mem2stream                            | 12   | 0    |        |            |         |        |         |
|   img_cols_c_U                          | -    | -    |        | img_cols_c | fifo    | srl    | 0       |
|   img_rows_c_U                          | -    | -    |        | img_rows_c | fifo    | srl    | 0       |
|   img_data_U                            | -    | -    |        | img_data   | fifo    | srl    | 0       |
|  + mem2mat_1080_1920_s                  | 8    | 0    |        |            |         |        |         |
|   + dataflow_parent_loop_proc           | 8    | 0    |        |            |         |        |         |
|    + dataflow_in_loop_VITIS_LOOP_38_1_1 | 8    | 0    |        |            |         |        |         |
|      cacheBuff_U                        | 8    | -    |        | cacheBuff  | fifo    | memory | 0       |
+-----------------------------------------+------+------+--------+------------+---------+--------+---------+


================================================================
== Pragma Report
================================================================
* Pragmas with Warnings
+---------------+------------------------------------------+--------------------------------------------------------------------------------------------------------------------------------------------------------+------------------------------------------------------------------------------------------------------------------------------------------------------------------------------------+
| Type          | Options                                  | Location                                                                                                                                               | Messages                                                                                                                                                                           |
+---------------+------------------------------------------+--------------------------------------------------------------------------------------------------------------------------------------------------------+------------------------------------------------------------------------------------------------------------------------------------------------------------------------------------+
| array_reshape | variable=val factor=RESHAPE_FACTOR dim=1 | ../../../../../../../../Vitis_Libraries-main/vision/L1/include/common/xf_video_mem.hpp:759 in linebuffer<rows, cols, t, mem_type, reshape_factor>, val | 'factor' in '#pragma HLS array_reshape' is ignored                                                                                                                                 |
| dataflow      |                                          | source/mem2stream.cpp:41 in mem2mat                                                                                                                    | Since the only kind of statements allowed in a canonical dataflow region are variable declarations and function calls, the compiler may not be able to correctly handle the region |
| stream        | depth=1080 type=fifo variable=img        | source/mem2stream.cpp:77 in mem2stream, img                                                                                                            | Invalid variable in '#pragma HLS stream': expect variable to have 'hls::stream or array' type                                                                                      |
+---------------+------------------------------------------+--------------------------------------------------------------------------------------------------------------------------------------------------------+------------------------------------------------------------------------------------------------------------------------------------------------------------------------------------+

* Valid Pragma Syntax
+-----------------+--------------------------------------------------+--------------------------------------------------------------------------------------------------------------------------------------------------------+
| Type            | Options                                          | Location                                                                                                                                               |
+-----------------+--------------------------------------------------+--------------------------------------------------------------------------------------------------------------------------------------------------------+
| inline          |                                                  | ../../../../../../../../Vitis_Libraries-main/vision/L1/include/common/xf_axi_io.hpp:28 in axigetbitfields                                              |
| inline          |                                                  | ../../../../../../../../Vitis_Libraries-main/vision/L1/include/common/xf_axi_io.hpp:37 in axigetbitfields                                              |
| inline          |                                                  | ../../../../../../../../Vitis_Libraries-main/vision/L1/include/common/xf_axi_io.hpp:47 in axigetbitfields                                              |
| inline          |                                                  | ../../../../../../../../Vitis_Libraries-main/vision/L1/include/common/xf_axi_io.hpp:57 in axigetbitfields                                              |
| inline          |                                                  | ../../../../../../../../Vitis_Libraries-main/vision/L1/include/common/xf_axi_io.hpp:65 in axisetbitfields                                              |
| inline          |                                                  | ../../../../../../../../Vitis_Libraries-main/vision/L1/include/common/xf_axi_io.hpp:74 in axisetbitfields                                              |
| inline          |                                                  | ../../../../../../../../Vitis_Libraries-main/vision/L1/include/common/xf_axi_io.hpp:84 in axisetbitfields                                              |
| inline          |                                                  | ../../../../../../../../Vitis_Libraries-main/vision/L1/include/common/xf_axi_io.hpp:94 in axisetbitfields                                              |
| inline          |                                                  | ../../../../../../../../Vitis_Libraries-main/vision/L1/include/common/xf_infra.hpp:39 in write                                                         |
| inline          |                                                  | ../../../../../../../../Vitis_Libraries-main/vision/L1/include/common/xf_infra.hpp:50 in fetchingmatdata                                               |
| inline          |                                                  | ../../../../../../../../Vitis_Libraries-main/vision/L1/include/common/xf_infra.hpp:59 in read                                                          |
| inline          |                                                  | ../../../../../../../../Vitis_Libraries-main/vision/L1/include/common/xf_infra.hpp:73 in fillingdata                                                   |
| pipeline        | II=1                                             | ../../../../../../../../Vitis_Libraries-main/vision/L1/include/common/xf_infra.hpp:120 in axivideo2xfmat                                               |
| loop_tripcount  | avg=1 max=1                                      | ../../../../../../../../Vitis_Libraries-main/vision/L1/include/common/xf_infra.hpp:121 in axivideo2xfmat                                               |
| loop_flatten    | off                                              | ../../../../../../../../Vitis_Libraries-main/vision/L1/include/common/xf_infra.hpp:135 in axivideo2xfmat                                               |
| pipeline        | II=1                                             | ../../../../../../../../Vitis_Libraries-main/vision/L1/include/common/xf_infra.hpp:136 in axivideo2xfmat                                               |
| pipeline        | II=1                                             | ../../../../../../../../Vitis_Libraries-main/vision/L1/include/common/xf_infra.hpp:161 in axivideo2xfmat                                               |
| loop_tripcount  | avg=1 max=1                                      | ../../../../../../../../Vitis_Libraries-main/vision/L1/include/common/xf_infra.hpp:162 in axivideo2xfmat                                               |
| loop_flatten    | off                                              | ../../../../../../../../Vitis_Libraries-main/vision/L1/include/common/xf_infra.hpp:201 in xfmat2axivideo                                               |
| pipeline        | II = 1                                           | ../../../../../../../../Vitis_Libraries-main/vision/L1/include/common/xf_infra.hpp:202 in xfmat2axivideo                                               |
| inline          |                                                  | ../../../../../../../../Vitis_Libraries-main/vision/L1/include/common/xf_structs.hpp:245 in scalar<n, t>                                               |
| array_partition | variable=val dim=1 complete                      | ../../../../../../../../Vitis_Libraries-main/vision/L1/include/common/xf_structs.hpp:246 in scalar<n, t>, val                                          |
| inline          |                                                  | ../../../../../../../../Vitis_Libraries-main/vision/L1/include/common/xf_structs.hpp:252 in scalar<n, t>                                               |
| array_partition | variable=val dim=1 complete                      | ../../../../../../../../Vitis_Libraries-main/vision/L1/include/common/xf_structs.hpp:253 in scalar<n, t>, val                                          |
| array_partition | variable=val dim=1 complete                      | ../../../../../../../../Vitis_Libraries-main/vision/L1/include/common/xf_structs.hpp:260 in scalar<n, t>, val                                          |
| inline          |                                                  | ../../../../../../../../Vitis_Libraries-main/vision/L1/include/common/xf_structs.hpp:261 in scalar<n, t>                                               |
| array_partition | variable=val dim=1 complete                      | ../../../../../../../../Vitis_Libraries-main/vision/L1/include/common/xf_structs.hpp:269 in scalar<n, t>, val                                          |
| inline          |                                                  | ../../../../../../../../Vitis_Libraries-main/vision/L1/include/common/xf_structs.hpp:270 in scalar<n, t>                                               |
| array_partition | variable=val dim=1 complete                      | ../../../../../../../../Vitis_Libraries-main/vision/L1/include/common/xf_structs.hpp:279 in scalar<n, t>, val                                          |
| inline          |                                                  | ../../../../../../../../Vitis_Libraries-main/vision/L1/include/common/xf_structs.hpp:280 in scalar<n, t>                                               |
| inline          |                                                  | ../../../../../../../../Vitis_Libraries-main/vision/L1/include/common/xf_structs.hpp:305 in operator=                                                  |
| unroll          |                                                  | ../../../../../../../../Vitis_Libraries-main/vision/L1/include/common/xf_structs.hpp:309 in operator=                                                  |
| inline          |                                                  | ../../../../../../../../Vitis_Libraries-main/vision/L1/include/common/xf_structs.hpp:318 in operator+                                                  |
| unroll          |                                                  | ../../../../../../../../Vitis_Libraries-main/vision/L1/include/common/xf_structs.hpp:323 in operator+                                                  |
| inline          |                                                  | ../../../../../../../../Vitis_Libraries-main/vision/L1/include/common/xf_structs.hpp:333 in operator+                                                  |
| unroll          |                                                  | ../../../../../../../../Vitis_Libraries-main/vision/L1/include/common/xf_structs.hpp:338 in operator+                                                  |
| inline          |                                                  | ../../../../../../../../Vitis_Libraries-main/vision/L1/include/common/xf_structs.hpp:348 in operator-                                                  |
| unroll          |                                                  | ../../../../../../../../Vitis_Libraries-main/vision/L1/include/common/xf_structs.hpp:353 in operator-                                                  |
| inline          |                                                  | ../../../../../../../../Vitis_Libraries-main/vision/L1/include/common/xf_structs.hpp:363 in operator-                                                  |
| unroll          |                                                  | ../../../../../../../../Vitis_Libraries-main/vision/L1/include/common/xf_structs.hpp:368 in operator-                                                  |
| inline          |                                                  | ../../../../../../../../Vitis_Libraries-main/vision/L1/include/common/xf_structs.hpp:378 in operator*                                                  |
| unroll          |                                                  | ../../../../../../../../Vitis_Libraries-main/vision/L1/include/common/xf_structs.hpp:383 in operator*                                                  |
| inline          |                                                  | ../../../../../../../../Vitis_Libraries-main/vision/L1/include/common/xf_structs.hpp:393 in operator*                                                  |
| unroll          |                                                  | ../../../../../../../../Vitis_Libraries-main/vision/L1/include/common/xf_structs.hpp:398 in operator*                                                  |
| inline          |                                                  | ../../../../../../../../Vitis_Libraries-main/vision/L1/include/common/xf_structs.hpp:408 in operator/                                                  |
| unroll          |                                                  | ../../../../../../../../Vitis_Libraries-main/vision/L1/include/common/xf_structs.hpp:413 in operator/                                                  |
| inline          |                                                  | ../../../../../../../../Vitis_Libraries-main/vision/L1/include/common/xf_structs.hpp:423 in operator/                                                  |
| unroll          |                                                  | ../../../../../../../../Vitis_Libraries-main/vision/L1/include/common/xf_structs.hpp:428 in operator/                                                  |
| inline          |                                                  | ../../../../../../../../Vitis_Libraries-main/vision/L1/include/common/xf_structs.hpp:584 in type                                                       |
| inline          |                                                  | ../../../../../../../../Vitis_Libraries-main/vision/L1/include/common/xf_structs.hpp:592 in depth                                                      |
| inline          |                                                  | ../../../../../../../../Vitis_Libraries-main/vision/L1/include/common/xf_structs.hpp:599 in channels                                                   |
| inline          |                                                  | ../../../../../../../../Vitis_Libraries-main/vision/L1/include/common/xf_structs.hpp:607 in init                                                       |
| inline          |                                                  | ../../../../../../../../Vitis_Libraries-main/vision/L1/include/common/xf_structs.hpp:654 in mat<t, rows, cols, npc, xfcvdepth>                         |
| inline          |                                                  | ../../../../../../../../Vitis_Libraries-main/vision/L1/include/common/xf_structs.hpp:663 in mat<t, rows, cols, npc, xfcvdepth>                         |
| inline          |                                                  | ../../../../../../../../Vitis_Libraries-main/vision/L1/include/common/xf_structs.hpp:672 in mat<t, rows, cols, npc, xfcvdepth>                         |
| inline          |                                                  | ../../../../../../../../Vitis_Libraries-main/vision/L1/include/common/xf_structs.hpp:681 in mat<t, rows, cols, npc, xfcvdepth>                         |
| inline          |                                                  | ../../../../../../../../Vitis_Libraries-main/vision/L1/include/common/xf_structs.hpp:708 in copyto                                                     |
| inline          |                                                  | ../../../../../../../../Vitis_Libraries-main/vision/L1/include/common/xf_structs.hpp:742 in copyfrom                                                   |
| bind_op         | variable=mul_rows_cols op=mul impl=dsp latency=2 | ../../../../../../../../Vitis_Libraries-main/vision/L1/include/common/xf_structs.hpp:949 in addrbound, mul_rows_cols                                   |
| loop_tripcount  | min=1 max=ADDRBOUND                              | ../../../../../../../../Vitis_Libraries-main/vision/L1/include/common/xf_structs.hpp:984 in axi2axistream                                              |
| pipeline        |                                                  | ../../../../../../../../Vitis_Libraries-main/vision/L1/include/common/xf_structs.hpp:985 in axi2axistream                                              |
| loop_tripcount  | min=1 max=ADDRBOUND                              | ../../../../../../../../Vitis_Libraries-main/vision/L1/include/common/xf_structs.hpp:998 in axi2axistream                                              |
| pipeline        |                                                  | ../../../../../../../../Vitis_Libraries-main/vision/L1/include/common/xf_structs.hpp:999 in axi2axistream                                              |
| loop_tripcount  | min=1 max=ROWS                                   | ../../../../../../../../Vitis_Libraries-main/vision/L1/include/common/xf_structs.hpp:1019 in axi2axistream                                             |
| loop_tripcount  | min=1 max=COLS_ADDRBOUND                         | ../../../../../../../../Vitis_Libraries-main/vision/L1/include/common/xf_structs.hpp:1023 in axi2axistream                                             |
| pipeline        | II=1                                             | ../../../../../../../../Vitis_Libraries-main/vision/L1/include/common/xf_structs.hpp:1024 in axi2axistream                                             |
| loop_tripcount  | min=1 max=LOOPBOUND                              | ../../../../../../../../Vitis_Libraries-main/vision/L1/include/common/xf_structs.hpp:1056 in axistream2matstream                                       |
| pipeline        |                                                  | ../../../../../../../../Vitis_Libraries-main/vision/L1/include/common/xf_structs.hpp:1057 in axistream2matstream                                       |
| loop_tripcount  | min=1 max=LOOPBOUND                              | ../../../../../../../../Vitis_Libraries-main/vision/L1/include/common/xf_structs.hpp:1100 in matstream2mat                                             |
| pipeline        |                                                  | ../../../../../../../../Vitis_Libraries-main/vision/L1/include/common/xf_structs.hpp:1101 in matstream2mat                                             |
| dataflow        |                                                  | ../../../../../../../../Vitis_Libraries-main/vision/L1/include/common/xf_structs.hpp:1113 in axistream2mat                                             |
| dataflow        |                                                  | ../../../../../../../../Vitis_Libraries-main/vision/L1/include/common/xf_structs.hpp:1126 in axistream2mat                                             |
| dataflow        |                                                  | ../../../../../../../../Vitis_Libraries-main/vision/L1/include/common/xf_structs.hpp:1141 in axi2mat                                                   |
| dataflow        |                                                  | ../../../../../../../../Vitis_Libraries-main/vision/L1/include/common/xf_structs.hpp:1164 in axi2mat                                                   |
| dataflow        |                                                  | ../../../../../../../../Vitis_Libraries-main/vision/L1/include/common/xf_structs.hpp:1176 in axi2mat                                                   |
| dataflow        |                                                  | ../../../../../../../../Vitis_Libraries-main/vision/L1/include/common/xf_structs.hpp:1199 in axi2mat                                                   |
| loop_tripcount  | min=1 max=LOOPBOUND                              | ../../../../../../../../Vitis_Libraries-main/vision/L1/include/common/xf_structs.hpp:1273 in mat2matstream                                             |
| pipeline        |                                                  | ../../../../../../../../Vitis_Libraries-main/vision/L1/include/common/xf_structs.hpp:1274 in mat2matstream                                             |
| loop_tripcount  | min=1 max=ROWS                                   | ../../../../../../../../Vitis_Libraries-main/vision/L1/include/common/xf_structs.hpp:1303 in matstream2axistream                                       |
| loop_tripcount  | min=1 max=COLS_BOUND_PER_NPC                     | ../../../../../../../../Vitis_Libraries-main/vision/L1/include/common/xf_structs.hpp:1308 in matstream2axistream                                       |
| pipeline        |                                                  | ../../../../../../../../Vitis_Libraries-main/vision/L1/include/common/xf_structs.hpp:1309 in matstream2axistream                                       |
| dataflow        |                                                  | ../../../../../../../../Vitis_Libraries-main/vision/L1/include/common/xf_structs.hpp:1351 in mat2axistream                                             |
| dataflow        |                                                  | ../../../../../../../../Vitis_Libraries-main/vision/L1/include/common/xf_structs.hpp:1364 in mat2axistream                                             |
| loop_tripcount  | min=1 max=ADDRBOUND                              | ../../../../../../../../Vitis_Libraries-main/vision/L1/include/common/xf_structs.hpp:1381 in axistream2axi                                             |
| pipeline        |                                                  | ../../../../../../../../Vitis_Libraries-main/vision/L1/include/common/xf_structs.hpp:1382 in axistream2axi                                             |
| loop_tripcount  | min=1 max=ADDRBOUND                              | ../../../../../../../../Vitis_Libraries-main/vision/L1/include/common/xf_structs.hpp:1396 in axistream2axi                                             |
| pipeline        |                                                  | ../../../../../../../../Vitis_Libraries-main/vision/L1/include/common/xf_structs.hpp:1397 in axistream2axi                                             |
| dataflow        |                                                  | ../../../../../../../../Vitis_Libraries-main/vision/L1/include/common/xf_structs.hpp:1411 in mat2axi                                                   |
| dataflow        |                                                  | ../../../../../../../../Vitis_Libraries-main/vision/L1/include/common/xf_structs.hpp:1438 in mat2axi                                                   |
| dataflow        |                                                  | ../../../../../../../../Vitis_Libraries-main/vision/L1/include/common/xf_structs.hpp:1469 in mat2axi                                                   |
| dataflow        |                                                  | ../../../../../../../../Vitis_Libraries-main/vision/L1/include/common/xf_structs.hpp:1499 in mat2axi                                                   |
| inline          | OFF                                              | ../../../../../../../../Vitis_Libraries-main/vision/L1/include/common/xf_utility.hpp:35 in ptr2xfmat                                                   |
| pipeline        | II = 1                                           | ../../../../../../../../Vitis_Libraries-main/vision/L1/include/common/xf_utility.hpp:40 in ptr2xfmat                                                   |
| loop_tripcount  | min = c_TRIP_COUNT max = c_TRIP_COUNT            | ../../../../../../../../Vitis_Libraries-main/vision/L1/include/common/xf_utility.hpp:41 in ptr2xfmat                                                   |
| inline          | OFF                                              | ../../../../../../../../Vitis_Libraries-main/vision/L1/include/common/xf_utility.hpp:53 in xfmat2ptr                                                   |
| pipeline        | II = 1                                           | ../../../../../../../../Vitis_Libraries-main/vision/L1/include/common/xf_utility.hpp:59 in xfmat2ptr                                                   |
| loop_tripcount  | min = c_TRIP_COUNT max = c_TRIP_COUNT            | ../../../../../../../../Vitis_Libraries-main/vision/L1/include/common/xf_utility.hpp:60 in xfmat2ptr                                                   |
| inline          | OFF                                              | ../../../../../../../../Vitis_Libraries-main/vision/L1/include/common/xf_utility.hpp:81 in xfduplicatemat_ptrmat                                       |
| pipeline        | II = 1                                           | ../../../../../../../../Vitis_Libraries-main/vision/L1/include/common/xf_utility.hpp:87 in xfduplicatemat_ptrmat                                       |
| loop_tripcount  | min = c_TRIP_COUNT max = c_TRIP_COUNT            | ../../../../../../../../Vitis_Libraries-main/vision/L1/include/common/xf_utility.hpp:88 in xfduplicatemat_ptrmat                                       |
| inline          | OFF                                              | ../../../../../../../../Vitis_Libraries-main/vision/L1/include/common/xf_utility.hpp:114 in xfduplicatemat_ptrmat2                                     |
| pipeline        | II = 1                                           | ../../../../../../../../Vitis_Libraries-main/vision/L1/include/common/xf_utility.hpp:120 in xfduplicatemat_ptrmat2                                     |
| loop_tripcount  | min = c_TRIP_COUNT max = c_TRIP_COUNT            | ../../../../../../../../Vitis_Libraries-main/vision/L1/include/common/xf_utility.hpp:121 in xfduplicatemat_ptrmat2                                     |
| inline          | OFF                                              | ../../../../../../../../Vitis_Libraries-main/vision/L1/include/common/xf_utility.hpp:148 in xfduplicatemat_ptr_mat_axi                                 |
| pipeline        | II = 1                                           | ../../../../../../../../Vitis_Libraries-main/vision/L1/include/common/xf_utility.hpp:154 in xfduplicatemat_ptr_mat_axi                                 |
| loop_tripcount  | min = c_TRIP_COUNT max = c_TRIP_COUNT            | ../../../../../../../../Vitis_Libraries-main/vision/L1/include/common/xf_utility.hpp:155 in xfduplicatemat_ptr_mat_axi                                 |
| inline          | OFF                                              | ../../../../../../../../Vitis_Libraries-main/vision/L1/include/common/xf_utility.hpp:176 in xfmat2axi_strm                                             |
| pipeline        | II = 1                                           | ../../../../../../../../Vitis_Libraries-main/vision/L1/include/common/xf_utility.hpp:182 in xfmat2axi_strm                                             |
| loop_tripcount  | min = c_TRIP_COUNT max = c_TRIP_COUNT            | ../../../../../../../../Vitis_Libraries-main/vision/L1/include/common/xf_utility.hpp:183 in xfmat2axi_strm                                             |
| inline          | OFF                                              | ../../../../../../../../Vitis_Libraries-main/vision/L1/include/common/xf_utility.hpp:200 in axi_strm2xfmat                                             |
| pipeline        | II = 1                                           | ../../../../../../../../Vitis_Libraries-main/vision/L1/include/common/xf_utility.hpp:206 in axi_strm2xfmat                                             |
| loop_tripcount  | min = c_TRIP_COUNT max = c_TRIP_COUNT            | ../../../../../../../../Vitis_Libraries-main/vision/L1/include/common/xf_utility.hpp:207 in axi_strm2xfmat                                             |
| inline          | OFF                                              | ../../../../../../../../Vitis_Libraries-main/vision/L1/include/common/xf_utility.hpp:223 in xfduplicatemat_ptr_axi                                     |
| pipeline        | II = 1                                           | ../../../../../../../../Vitis_Libraries-main/vision/L1/include/common/xf_utility.hpp:229 in xfduplicatemat_ptr_axi                                     |
| loop_tripcount  | min = c_TRIP_COUNT max = c_TRIP_COUNT            | ../../../../../../../../Vitis_Libraries-main/vision/L1/include/common/xf_utility.hpp:230 in xfduplicatemat_ptr_axi                                     |
| inline          | OFF                                              | ../../../../../../../../Vitis_Libraries-main/vision/L1/include/common/xf_utility.hpp:252 in xfsetborder                                                |
| unroll          |                                                  | ../../../../../../../../Vitis_Libraries-main/vision/L1/include/common/xf_utility.hpp:264 in xfsetborder                                                |
| unroll          |                                                  | ../../../../../../../../Vitis_Libraries-main/vision/L1/include/common/xf_utility.hpp:266 in xfsetborder                                                |
| inline          |                                                  | ../../../../../../../../Vitis_Libraries-main/vision/L1/include/common/xf_utility.hpp:321 in xfpackpixels                                               |
| unroll          |                                                  | ../../../../../../../../Vitis_Libraries-main/vision/L1/include/common/xf_utility.hpp:327 in xfpackpixels                                               |
| inline          | off                                              | ../../../../../../../../Vitis_Libraries-main/vision/L1/include/common/xf_utility.hpp:339 in xfextractpixels                                            |
| unroll          |                                                  | ../../../../../../../../Vitis_Libraries-main/vision/L1/include/common/xf_utility.hpp:348 in xfextractpixels                                            |
| inline          |                                                  | ../../../../../../../../Vitis_Libraries-main/vision/L1/include/common/xf_utility.hpp:371 in xfextractdata                                              |
| inline          |                                                  | ../../../../../../../../Vitis_Libraries-main/vision/L1/include/common/xf_utility.hpp:391 in xfcopydata                                                 |
| loop_tripcount  | min=6 max=6                                      | ../../../../../../../../Vitis_Libraries-main/vision/L1/include/common/xf_utility.hpp:399 in xfcopydata                                                 |
| unroll          |                                                  | ../../../../../../../../Vitis_Libraries-main/vision/L1/include/common/xf_utility.hpp:400 in xfcopydata                                                 |
| loop_tripcount  | min=IN_BH max=IN_BH                              | ../../../../../../../../Vitis_Libraries-main/vision/L1/include/common/xf_utility.hpp:470 in xfduplicatestream                                          |
| loop_flatten    | off                                              | ../../../../../../../../Vitis_Libraries-main/vision/L1/include/common/xf_utility.hpp:471 in xfduplicatestream                                          |
| pipeline        |                                                  | ../../../../../../../../Vitis_Libraries-main/vision/L1/include/common/xf_utility.hpp:475 in xfduplicatestream                                          |
| loop_tripcount  | min=IN_BW max=IN_BW                              | ../../../../../../../../Vitis_Libraries-main/vision/L1/include/common/xf_utility.hpp:476 in xfduplicatestream                                          |
| loop_tripcount  | min=1 max=TRIPCOUNT                              | ../../../../../../../../Vitis_Libraries-main/vision/L1/include/common/xf_utility.hpp:501 in array2hlsstrm                                              |
| pipeline        |                                                  | ../../../../../../../../Vitis_Libraries-main/vision/L1/include/common/xf_utility.hpp:502 in array2hlsstrm                                              |
| loop_tripcount  | min=1 max=TRIPCOUNT                              | ../../../../../../../../Vitis_Libraries-main/vision/L1/include/common/xf_utility.hpp:543 in hlsstrm2xfmat                                              |
| pipeline        |                                                  | ../../../../../../../../Vitis_Libraries-main/vision/L1/include/common/xf_utility.hpp:544 in hlsstrm2xfmat                                              |
| loop_tripcount  | min=1 max=TRIPCOUNT                              | ../../../../../../../../Vitis_Libraries-main/vision/L1/include/common/xf_utility.hpp:625 in axistrm2hlsstrm                                            |
| pipeline        |                                                  | ../../../../../../../../Vitis_Libraries-main/vision/L1/include/common/xf_utility.hpp:626 in axistrm2hlsstrm                                            |
| dataflow        |                                                  | ../../../../../../../../Vitis_Libraries-main/vision/L1/include/common/xf_utility.hpp:637 in axistrm2xfmat                                              |
| loop_tripcount  | min=1 max=TRIPCOUNT                              | ../../../../../../../../Vitis_Libraries-main/vision/L1/include/common/xf_utility.hpp:693 in xfmat2hlsstrm                                              |
| pipeline        |                                                  | ../../../../../../../../Vitis_Libraries-main/vision/L1/include/common/xf_utility.hpp:694 in xfmat2hlsstrm                                              |
| loop_tripcount  | min=1 max=TRIPCOUNT                              | ../../../../../../../../Vitis_Libraries-main/vision/L1/include/common/xf_utility.hpp:739 in hlsstrm2array                                              |
| pipeline        |                                                  | ../../../../../../../../Vitis_Libraries-main/vision/L1/include/common/xf_utility.hpp:740 in hlsstrm2array                                              |
| loop_tripcount  | min=1 max=TRIPCOUNT                              | ../../../../../../../../Vitis_Libraries-main/vision/L1/include/common/xf_utility.hpp:790 in hlsstrm2axistrm                                            |
| pipeline        |                                                  | ../../../../../../../../Vitis_Libraries-main/vision/L1/include/common/xf_utility.hpp:791 in hlsstrm2axistrm                                            |
| dataflow        |                                                  | ../../../../../../../../Vitis_Libraries-main/vision/L1/include/common/xf_utility.hpp:803 in xfmat2axistrm                                              |
| inline          |                                                  | ../../../../../../../../Vitis_Libraries-main/vision/L1/include/common/xf_video_mem.hpp:46 in window<rows, cols, t>                                     |
| array_partition | variable=val dim=1 complete                      | ../../../../../../../../Vitis_Libraries-main/vision/L1/include/common/xf_video_mem.hpp:47 in window<rows, cols, t>, val                                |
| array_partition | variable=val dim=2 complete                      | ../../../../../../../../Vitis_Libraries-main/vision/L1/include/common/xf_video_mem.hpp:48 in window<rows, cols, t>, val                                |
| inline          |                                                  | ../../../../../../../../Vitis_Libraries-main/vision/L1/include/common/xf_video_mem.hpp:112 in shift_pixels_left                                        |
| unroll          |                                                  | ../../../../../../../../Vitis_Libraries-main/vision/L1/include/common/xf_video_mem.hpp:124 in shift_pixels_left                                        |
| unroll          |                                                  | ../../../../../../../../Vitis_Libraries-main/vision/L1/include/common/xf_video_mem.hpp:128 in shift_pixels_left                                        |
| inline          |                                                  | ../../../../../../../../Vitis_Libraries-main/vision/L1/include/common/xf_video_mem.hpp:156 in shift_pixels_right                                       |
| unroll          |                                                  | ../../../../../../../../Vitis_Libraries-main/vision/L1/include/common/xf_video_mem.hpp:168 in shift_pixels_right                                       |
| unroll          |                                                  | ../../../../../../../../Vitis_Libraries-main/vision/L1/include/common/xf_video_mem.hpp:172 in shift_pixels_right                                       |
| inline          |                                                  | ../../../../../../../../Vitis_Libraries-main/vision/L1/include/common/xf_video_mem.hpp:200 in shift_pixels_up                                          |
| unroll          |                                                  | ../../../../../../../../Vitis_Libraries-main/vision/L1/include/common/xf_video_mem.hpp:212 in shift_pixels_up                                          |
| unroll          |                                                  | ../../../../../../../../Vitis_Libraries-main/vision/L1/include/common/xf_video_mem.hpp:216 in shift_pixels_up                                          |
| inline          |                                                  | ../../../../../../../../Vitis_Libraries-main/vision/L1/include/common/xf_video_mem.hpp:244 in shift_pixels_down                                        |
| unroll          |                                                  | ../../../../../../../../Vitis_Libraries-main/vision/L1/include/common/xf_video_mem.hpp:256 in shift_pixels_down                                        |
| unroll          |                                                  | ../../../../../../../../Vitis_Libraries-main/vision/L1/include/common/xf_video_mem.hpp:260 in shift_pixels_down                                        |
| inline          |                                                  | ../../../../../../../../Vitis_Libraries-main/vision/L1/include/common/xf_video_mem.hpp:287 in insert_pixel                                             |
| inline          |                                                  | ../../../../../../../../Vitis_Libraries-main/vision/L1/include/common/xf_video_mem.hpp:320 in insert_row                                               |
| unroll          |                                                  | ../../../../../../../../Vitis_Libraries-main/vision/L1/include/common/xf_video_mem.hpp:332 in insert_row                                               |
| inline          |                                                  | ../../../../../../../../Vitis_Libraries-main/vision/L1/include/common/xf_video_mem.hpp:359 in insert_top_row                                           |
| inline          |                                                  | ../../../../../../../../Vitis_Libraries-main/vision/L1/include/common/xf_video_mem.hpp:392 in insert_bottom_row                                        |
| inline          |                                                  | ../../../../../../../../Vitis_Libraries-main/vision/L1/include/common/xf_video_mem.hpp:425 in insert_col                                               |
| unroll          |                                                  | ../../../../../../../../Vitis_Libraries-main/vision/L1/include/common/xf_video_mem.hpp:437 in insert_col                                               |
| inline          |                                                  | ../../../../../../../../Vitis_Libraries-main/vision/L1/include/common/xf_video_mem.hpp:464 in insert_left_col                                          |
| inline          |                                                  | ../../../../../../../../Vitis_Libraries-main/vision/L1/include/common/xf_video_mem.hpp:497 in insert_right_col                                         |
| inline          |                                                  | ../../../../../../../../Vitis_Libraries-main/vision/L1/include/common/xf_video_mem.hpp:530 in getval                                                   |
| inline          |                                                  | ../../../../../../../../Vitis_Libraries-main/vision/L1/include/common/xf_video_mem.hpp:542 in operator()                                               |
| inline          |                                                  | ../../../../../../../../Vitis_Libraries-main/vision/L1/include/common/xf_video_mem.hpp:579 in shift_left                                               |
| inline          |                                                  | ../../../../../../../../Vitis_Libraries-main/vision/L1/include/common/xf_video_mem.hpp:592 in shift_right                                              |
| inline          |                                                  | ../../../../../../../../Vitis_Libraries-main/vision/L1/include/common/xf_video_mem.hpp:605 in shift_up                                                 |
| inline          |                                                  | ../../../../../../../../Vitis_Libraries-main/vision/L1/include/common/xf_video_mem.hpp:618 in shift_down                                               |
| inline          |                                                  | ../../../../../../../../Vitis_Libraries-main/vision/L1/include/common/xf_video_mem.hpp:631 in insert                                                   |
| inline          |                                                  | ../../../../../../../../Vitis_Libraries-main/vision/L1/include/common/xf_video_mem.hpp:644 in insert_top                                               |
| inline          |                                                  | ../../../../../../../../Vitis_Libraries-main/vision/L1/include/common/xf_video_mem.hpp:657 in insert_bottom                                            |
| inline          |                                                  | ../../../../../../../../Vitis_Libraries-main/vision/L1/include/common/xf_video_mem.hpp:670 in insert_left                                              |
| inline          |                                                  | ../../../../../../../../Vitis_Libraries-main/vision/L1/include/common/xf_video_mem.hpp:683 in insert_right                                             |
| inline          |                                                  | ../../../../../../../../Vitis_Libraries-main/vision/L1/include/common/xf_video_mem.hpp:700 in linebuffer<rows, cols, t, mem_type, reshape_factor>      |
| dependence      | variable=val inter false                         | ../../../../../../../../Vitis_Libraries-main/vision/L1/include/common/xf_video_mem.hpp:701 in linebuffer<rows, cols, t, mem_type, reshape_factor>, val |
| dependence      | variable=val intra false                         | ../../../../../../../../Vitis_Libraries-main/vision/L1/include/common/xf_video_mem.hpp:702 in linebuffer<rows, cols, t, mem_type, reshape_factor>, val |
| bind_storage    | variable=val type=RAM_1P impl=BRAM               | ../../../../../../../../Vitis_Libraries-main/vision/L1/include/common/xf_video_mem.hpp:711 in linebuffer<rows, cols, t, mem_type, reshape_factor>, val |
| bind_storage    | variable=val type=RAM_1P impl=URAM               | ../../../../../../../../Vitis_Libraries-main/vision/L1/include/common/xf_video_mem.hpp:716 in linebuffer<rows, cols, t, mem_type, reshape_factor>, val |
| bind_storage    | variable=val type=RAM_2P impl=BRAM               | ../../../../../../../../Vitis_Libraries-main/vision/L1/include/common/xf_video_mem.hpp:721 in linebuffer<rows, cols, t, mem_type, reshape_factor>, val |
| bind_storage    | variable=val type=RAM_2P impl=URAM               | ../../../../../../../../Vitis_Libraries-main/vision/L1/include/common/xf_video_mem.hpp:726 in linebuffer<rows, cols, t, mem_type, reshape_factor>, val |
| bind_storage    | variable=val type=RAM_S2P impl=BRAM              | ../../../../../../../../Vitis_Libraries-main/vision/L1/include/common/xf_video_mem.hpp:731 in linebuffer<rows, cols, t, mem_type, reshape_factor>, val |
| bind_storage    | variable=val type=RAM_S2P impl=URAM              | ../../../../../../../../Vitis_Libraries-main/vision/L1/include/common/xf_video_mem.hpp:736 in linebuffer<rows, cols, t, mem_type, reshape_factor>, val |
| bind_storage    | variable=val type=RAM_T2P impl=BRAM              | ../../../../../../../../Vitis_Libraries-main/vision/L1/include/common/xf_video_mem.hpp:741 in linebuffer<rows, cols, t, mem_type, reshape_factor>, val |
| bind_storage    | variable=val type=RAM_T2P impl=URAM              | ../../../../../../../../Vitis_Libraries-main/vision/L1/include/common/xf_video_mem.hpp:746 in linebuffer<rows, cols, t, mem_type, reshape_factor>, val |
| array_partition | variable=val complete dim=1                      | ../../../../../../../../Vitis_Libraries-main/vision/L1/include/common/xf_video_mem.hpp:755 in linebuffer<rows, cols, t, mem_type, reshape_factor>, val |
| inline          |                                                  | ../../../../../../../../Vitis_Libraries-main/vision/L1/include/common/xf_video_mem.hpp:813 in shift_pixels_down                                        |
| unroll          |                                                  | ../../../../../../../../Vitis_Libraries-main/vision/L1/include/common/xf_video_mem.hpp:826 in shift_pixels_down                                        |
| inline          |                                                  | ../../../../../../../../Vitis_Libraries-main/vision/L1/include/common/xf_video_mem.hpp:856 in shift_pixels_up                                          |
| unroll          |                                                  | ../../../../../../../../Vitis_Libraries-main/vision/L1/include/common/xf_video_mem.hpp:869 in shift_pixels_up                                          |
| inline          |                                                  | ../../../../../../../../Vitis_Libraries-main/vision/L1/include/common/xf_video_mem.hpp:898 in insert_bottom_row                                        |
| inline          |                                                  | ../../../../../../../../Vitis_Libraries-main/vision/L1/include/common/xf_video_mem.hpp:931 in insert_top_row                                           |
| inline          |                                                  | ../../../../../../../../Vitis_Libraries-main/vision/L1/include/common/xf_video_mem.hpp:964 in get_col                                                  |
| unroll          |                                                  | ../../../../../../../../Vitis_Libraries-main/vision/L1/include/common/xf_video_mem.hpp:970 in get_col                                                  |
| inline          |                                                  | ../../../../../../../../Vitis_Libraries-main/vision/L1/include/common/xf_video_mem.hpp:981 in getval                                                   |
| inline          |                                                  | ../../../../../../../../Vitis_Libraries-main/vision/L1/include/common/xf_video_mem.hpp:992 in operator()                                               |
| inline          |                                                  | ../../../../../../../../Vitis_Libraries-main/vision/L1/include/common/xf_video_mem.hpp:1004 in shift_down                                              |
| inline          |                                                  | ../../../../../../../../Vitis_Libraries-main/vision/L1/include/common/xf_video_mem.hpp:1016 in shift_up                                                |
| inline          |                                                  | ../../../../../../../../Vitis_Libraries-main/vision/L1/include/common/xf_video_mem.hpp:1028 in insert_bottom                                           |
| inline          |                                                  | ../../../../../../../../Vitis_Libraries-main/vision/L1/include/common/xf_video_mem.hpp:1040 in insert_top                                              |
| stream          | variable=cacheBuff depth=COLS*2                  | source/mem2stream.cpp:37 in mem2mat, cacheBuff                                                                                                         |
| loop_tripcount  | min=12 max=1080                                  | source/mem2stream.cpp:40 in mem2mat                                                                                                                    |
| loop_tripcount  | min=3 max=480                                    | source/mem2stream.cpp:45 in mem2mat                                                                                                                    |
| interface       | mode=s_axilite port=baseAddr                     | source/mem2stream.cpp:68 in mem2stream, baseAddr                                                                                                       |
| interface       | axis port=vstream                                | source/mem2stream.cpp:69 in mem2stream, vstream                                                                                                        |
| interface       | m_axi port=pMemPort                              | source/mem2stream.cpp:70 in mem2stream, pMemPort                                                                                                       |
| interface       | s_axilite port=rows                              | source/mem2stream.cpp:71 in mem2stream, rows                                                                                                           |
| interface       | s_axilite port=cols                              | source/mem2stream.cpp:72 in mem2stream, cols                                                                                                           |
| interface       | s_axilite port=return                            | source/mem2stream.cpp:73 in mem2stream, return                                                                                                         |
| interface       | ap_none port=indexw                              | source/mem2stream.cpp:74 in mem2stream, indexw                                                                                                         |
| interface       | ap_none port=indexr                              | source/mem2stream.cpp:75 in mem2stream, indexr                                                                                                         |
| dataflow        |                                                  | source/mem2stream.cpp:79 in mem2stream                                                                                                                 |
+-----------------+--------------------------------------------------+--------------------------------------------------------------------------------------------------------------------------------------------------------+


