

================================================================
== Vitis HLS Report for 'mem2mat_1080_1920_s'
================================================================
* Date:           Tue Jan  9 15:42:05 2024

* Version:        2023.1 (Build 3854077 on May  4 2023)
* Project:        mem2stream
* Solution:       solution1 (Vivado IP Flow Target)
* Product family: zynq
* Target device:  xc7z020-clg484-2


================================================================
== Performance Estimates
================================================================
+ Timing: 
    * Summary: 
    +--------+----------+----------+------------+
    |  Clock |  Target  | Estimated| Uncertainty|
    +--------+----------+----------+------------+
    |ap_clk  |  10.00 ns|  7.300 ns|     2.70 ns|
    +--------+----------+----------+------------+

+ Latency: 
    * Summary: 
    +---------+---------------+----------+-------------+-------+---------------+---------+
    |     Latency (cycles)    |   Latency (absolute)   |        Interval       | Pipeline|
    |   min   |      max      |    min   |     max     |  min  |      max      |   Type  |
    +---------+---------------+----------+-------------+-------+---------------+---------+
    |    18375|  1159641186125|  0.184 ms|  1.2e+04 sec|  18375|  1159641186125|       no|
    +---------+---------------+----------+-------------+-------+---------------+---------+

    + Detail: 
        * Instance: 
        +--------------------------------------+---------------------------+---------+---------------+----------+-------------+-------+---------------+---------+
        |                                      |                           |     Latency (cycles)    |   Latency (absolute)   |        Interval       | Pipeline|
        |               Instance               |           Module          |   min   |      max      |    min   |     max     |  min  |      max      |   Type  |
        +--------------------------------------+---------------------------+---------+---------------+----------+-------------+-------+---------------+---------+
        |grp_dataflow_parent_loop_proc_fu_131  |dataflow_parent_loop_proc  |    18373|  1159641186123|  0.184 ms|  1.2e+04 sec|  18373|  1159641186123|       no|
        +--------------------------------------+---------------------------+---------+---------------+----------+-------------+-------+---------------+---------+

        * Loop: 
        N/A



================================================================
== Utilization Estimates
================================================================
* Summary: 
+-----------------+---------+-----+--------+-------+-----+
|       Name      | BRAM_18K| DSP |   FF   |  LUT  | URAM|
+-----------------+---------+-----+--------+-------+-----+
|DSP              |        -|    -|       -|      -|    -|
|Expression       |        -|    -|       0|    162|    -|
|FIFO             |        -|    -|       -|      -|    -|
|Instance         |        8|    2|    1288|   1779|    -|
|Memory           |        -|    -|       -|      -|    -|
|Multiplexer      |        -|    -|       -|     89|    -|
|Register         |        -|    -|      72|      -|    -|
+-----------------+---------+-----+--------+-------+-----+
|Total            |        8|    2|    1360|   2030|    0|
+-----------------+---------+-----+--------+-------+-----+
|Available        |      280|  220|  106400|  53200|    0|
+-----------------+---------+-----+--------+-------+-----+
|Utilization (%)  |        2|   ~0|       1|      3|    0|
+-----------------+---------+-----+--------+-------+-----+

+ Detail: 
    * Instance: 
    +--------------------------------------+---------------------------+---------+----+------+------+-----+
    |               Instance               |           Module          | BRAM_18K| DSP|  FF  |  LUT | URAM|
    +--------------------------------------+---------------------------+---------+----+------+------+-----+
    |grp_dataflow_parent_loop_proc_fu_131  |dataflow_parent_loop_proc  |        8|   2|  1288|  1779|    0|
    +--------------------------------------+---------------------------+---------+----+------+------+-----+
    |Total                                 |                           |        8|   2|  1288|  1779|    0|
    +--------------------------------------+---------------------------+---------+----+------+------+-----+

    * DSP: 
    N/A

    * Memory: 
    N/A

    * FIFO: 
    N/A

    * Expression: 
    +-------------------------------------------------------+----------+----+---+----+------------+------------+
    |                     Variable Name                     | Operation| DSP| FF| LUT| Bitwidth P0| Bitwidth P1|
    +-------------------------------------------------------+----------+----+---+----+------------+------------+
    |add_ln34_fu_170_p2                                     |         +|   0|  0|  32|          32|           1|
    |icmp_ln34_fu_164_p2                                    |      icmp|   0|  0|  31|          31|           1|
    |icmp_ln35_fu_184_p2                                    |      icmp|   0|  0|  32|          32|          32|
    |ap_block_state1                                        |        or|   0|  0|   1|           1|           1|
    |ap_sync_grp_dataflow_parent_loop_proc_fu_131_ap_done   |        or|   0|  0|   1|           1|           1|
    |ap_sync_grp_dataflow_parent_loop_proc_fu_131_ap_ready  |        or|   0|  0|   1|           1|           1|
    |n_fu_176_p3                                            |    select|   0|  0|  32|           1|          32|
    |select_ln35_fu_190_p3                                  |    select|   0|  0|  32|           1|          32|
    +-------------------------------------------------------+----------+----+---+----+------------+------------+
    |Total                                                  |          |   0|  0| 162|         100|         101|
    +-------------------------------------------------------+----------+----+---+----+------------+------------+

    * Multiplexer: 
    +--------------------+----+-----------+-----+-----------+
    |        Name        | LUT| Input Size| Bits| Total Bits|
    +--------------------+----+-----------+-----+-----------+
    |ap_NS_fsm           |  17|          4|    1|          4|
    |ap_done             |   9|          2|    1|          2|
    |img_cols_c_blk_n    |   9|          2|    1|          2|
    |img_data_write      |   9|          2|    1|          2|
    |img_rows_c_blk_n    |   9|          2|    1|          2|
    |indexr              |   9|          2|   32|         64|
    |m_axi_gmem_ARVALID  |   9|          2|    1|          2|
    |m_axi_gmem_RREADY   |   9|          2|    1|          2|
    |real_start          |   9|          2|    1|          2|
    +--------------------+----+-----------+-----+-----------+
    |Total               |  89|         20|   40|         82|
    +--------------------+----+-----------+-----+-----------+

    * Register: 
    +-----------------------------------------------------------+----+----+-----+-----------+
    |                            Name                           | FF | LUT| Bits| Const Bits|
    +-----------------------------------------------------------+----+----+-----+-----------+
    |ap_CS_fsm                                                  |   3|   0|    3|          0|
    |ap_done_reg                                                |   1|   0|    1|          0|
    |ap_sync_reg_grp_dataflow_parent_loop_proc_fu_131_ap_done   |   1|   0|    1|          0|
    |ap_sync_reg_grp_dataflow_parent_loop_proc_fu_131_ap_ready  |   1|   0|    1|          0|
    |grp_dataflow_parent_loop_proc_fu_131_ap_start_reg          |   1|   0|    1|          0|
    |index                                                      |  32|   0|   32|          0|
    |indexr_preg                                                |  32|   0|   32|          0|
    |start_once_reg                                             |   1|   0|    1|          0|
    +-----------------------------------------------------------+----+----+-----+-----------+
    |Total                                                      |  72|   0|   72|          0|
    +-----------------------------------------------------------+----+----+-----+-----------+



================================================================
== Interface
================================================================
* Summary: 
+---------------------------+-----+-----+------------+---------------------+--------------+
|         RTL Ports         | Dir | Bits|  Protocol  |    Source Object    |    C Type    |
+---------------------------+-----+-----+------------+---------------------+--------------+
|ap_clk                     |   in|    1|  ap_ctrl_hs|  mem2mat<1080, 1920>|  return value|
|ap_rst                     |   in|    1|  ap_ctrl_hs|  mem2mat<1080, 1920>|  return value|
|ap_start                   |   in|    1|  ap_ctrl_hs|  mem2mat<1080, 1920>|  return value|
|start_full_n               |   in|    1|  ap_ctrl_hs|  mem2mat<1080, 1920>|  return value|
|ap_done                    |  out|    1|  ap_ctrl_hs|  mem2mat<1080, 1920>|  return value|
|ap_continue                |   in|    1|  ap_ctrl_hs|  mem2mat<1080, 1920>|  return value|
|ap_idle                    |  out|    1|  ap_ctrl_hs|  mem2mat<1080, 1920>|  return value|
|ap_ready                   |  out|    1|  ap_ctrl_hs|  mem2mat<1080, 1920>|  return value|
|start_out                  |  out|    1|  ap_ctrl_hs|  mem2mat<1080, 1920>|  return value|
|start_write                |  out|    1|  ap_ctrl_hs|  mem2mat<1080, 1920>|  return value|
|p_read                     |   in|   11|     ap_none|               p_read|        scalar|
|p_read1                    |   in|    8|     ap_none|              p_read1|        scalar|
|img_data_din               |  out|   24|     ap_fifo|             img_data|       pointer|
|img_data_num_data_valid    |   in|    2|     ap_fifo|             img_data|       pointer|
|img_data_fifo_cap          |   in|    2|     ap_fifo|             img_data|       pointer|
|img_data_full_n            |   in|    1|     ap_fifo|             img_data|       pointer|
|img_data_write             |  out|    1|     ap_fifo|             img_data|       pointer|
|m_axi_gmem_AWVALID         |  out|    1|       m_axi|                 gmem|       pointer|
|m_axi_gmem_AWREADY         |   in|    1|       m_axi|                 gmem|       pointer|
|m_axi_gmem_AWADDR          |  out|   64|       m_axi|                 gmem|       pointer|
|m_axi_gmem_AWID            |  out|    1|       m_axi|                 gmem|       pointer|
|m_axi_gmem_AWLEN           |  out|   32|       m_axi|                 gmem|       pointer|
|m_axi_gmem_AWSIZE          |  out|    3|       m_axi|                 gmem|       pointer|
|m_axi_gmem_AWBURST         |  out|    2|       m_axi|                 gmem|       pointer|
|m_axi_gmem_AWLOCK          |  out|    2|       m_axi|                 gmem|       pointer|
|m_axi_gmem_AWCACHE         |  out|    4|       m_axi|                 gmem|       pointer|
|m_axi_gmem_AWPROT          |  out|    3|       m_axi|                 gmem|       pointer|
|m_axi_gmem_AWQOS           |  out|    4|       m_axi|                 gmem|       pointer|
|m_axi_gmem_AWREGION        |  out|    4|       m_axi|                 gmem|       pointer|
|m_axi_gmem_AWUSER          |  out|    1|       m_axi|                 gmem|       pointer|
|m_axi_gmem_WVALID          |  out|    1|       m_axi|                 gmem|       pointer|
|m_axi_gmem_WREADY          |   in|    1|       m_axi|                 gmem|       pointer|
|m_axi_gmem_WDATA           |  out|   32|       m_axi|                 gmem|       pointer|
|m_axi_gmem_WSTRB           |  out|    4|       m_axi|                 gmem|       pointer|
|m_axi_gmem_WLAST           |  out|    1|       m_axi|                 gmem|       pointer|
|m_axi_gmem_WID             |  out|    1|       m_axi|                 gmem|       pointer|
|m_axi_gmem_WUSER           |  out|    1|       m_axi|                 gmem|       pointer|
|m_axi_gmem_ARVALID         |  out|    1|       m_axi|                 gmem|       pointer|
|m_axi_gmem_ARREADY         |   in|    1|       m_axi|                 gmem|       pointer|
|m_axi_gmem_ARADDR          |  out|   64|       m_axi|                 gmem|       pointer|
|m_axi_gmem_ARID            |  out|    1|       m_axi|                 gmem|       pointer|
|m_axi_gmem_ARLEN           |  out|   32|       m_axi|                 gmem|       pointer|
|m_axi_gmem_ARSIZE          |  out|    3|       m_axi|                 gmem|       pointer|
|m_axi_gmem_ARBURST         |  out|    2|       m_axi|                 gmem|       pointer|
|m_axi_gmem_ARLOCK          |  out|    2|       m_axi|                 gmem|       pointer|
|m_axi_gmem_ARCACHE         |  out|    4|       m_axi|                 gmem|       pointer|
|m_axi_gmem_ARPROT          |  out|    3|       m_axi|                 gmem|       pointer|
|m_axi_gmem_ARQOS           |  out|    4|       m_axi|                 gmem|       pointer|
|m_axi_gmem_ARREGION        |  out|    4|       m_axi|                 gmem|       pointer|
|m_axi_gmem_ARUSER          |  out|    1|       m_axi|                 gmem|       pointer|
|m_axi_gmem_RVALID          |   in|    1|       m_axi|                 gmem|       pointer|
|m_axi_gmem_RREADY          |  out|    1|       m_axi|                 gmem|       pointer|
|m_axi_gmem_RDATA           |   in|   32|       m_axi|                 gmem|       pointer|
|m_axi_gmem_RLAST           |   in|    1|       m_axi|                 gmem|       pointer|
|m_axi_gmem_RID             |   in|    1|       m_axi|                 gmem|       pointer|
|m_axi_gmem_RFIFONUM        |   in|    9|       m_axi|                 gmem|       pointer|
|m_axi_gmem_RUSER           |   in|    1|       m_axi|                 gmem|       pointer|
|m_axi_gmem_RRESP           |   in|    2|       m_axi|                 gmem|       pointer|
|m_axi_gmem_BVALID          |   in|    1|       m_axi|                 gmem|       pointer|
|m_axi_gmem_BREADY          |  out|    1|       m_axi|                 gmem|       pointer|
|m_axi_gmem_BRESP           |   in|    2|       m_axi|                 gmem|       pointer|
|m_axi_gmem_BID             |   in|    1|       m_axi|                 gmem|       pointer|
|m_axi_gmem_BUSER           |   in|    1|       m_axi|                 gmem|       pointer|
|pMemPort                   |   in|   64|     ap_none|             pMemPort|        scalar|
|baseAddr_address0          |  out|    2|   ap_memory|             baseAddr|         array|
|baseAddr_ce0               |  out|    1|   ap_memory|             baseAddr|         array|
|baseAddr_q0                |   in|   32|   ap_memory|             baseAddr|         array|
|w                          |   in|   32|     ap_none|                    w|        scalar|
|indexr                     |  out|   32|      ap_vld|               indexr|       pointer|
|indexr_ap_vld              |  out|    1|      ap_vld|               indexr|       pointer|
|img_rows_c_din             |  out|   11|     ap_fifo|           img_rows_c|       pointer|
|img_rows_c_num_data_valid  |   in|    2|     ap_fifo|           img_rows_c|       pointer|
|img_rows_c_fifo_cap        |   in|    2|     ap_fifo|           img_rows_c|       pointer|
|img_rows_c_full_n          |   in|    1|     ap_fifo|           img_rows_c|       pointer|
|img_rows_c_write           |  out|    1|     ap_fifo|           img_rows_c|       pointer|
|img_cols_c_din             |  out|    8|     ap_fifo|           img_cols_c|       pointer|
|img_cols_c_num_data_valid  |   in|    2|     ap_fifo|           img_cols_c|       pointer|
|img_cols_c_fifo_cap        |   in|    2|     ap_fifo|           img_cols_c|       pointer|
|img_cols_c_full_n          |   in|    1|     ap_fifo|           img_cols_c|       pointer|
|img_cols_c_write           |  out|    1|     ap_fifo|           img_cols_c|       pointer|
+---------------------------+-----+-----+------------+---------------------+--------------+

