================================================================
== Design Size Report
================================================================

* Instructions per Function for each Compilation Phase
+-----------------+----------------------+--------------+---------------+----------------------+---------------+
| Function        | Location             | Compile/Link | Unroll/Inline | Performance/Pipeline | Optimizations |
+-----------------+----------------------+--------------+---------------+----------------------+---------------+
| + average_float | average_float.cpp:24 | 57           | 68            | 68                   | 79            |
|    float_sum    | average_float.cpp:5  | 47           | 58            |                      |               |
+-----------------+----------------------+--------------+---------------+----------------------+---------------+

* Description of Compilation Phases
+----------------------+------------------------------------------------------------+
| Compilation Phase    | Description                                                |
+----------------------+------------------------------------------------------------+
| Compile/Link         | All functions are compiled and linked into a single design |
| Unroll/Inline        | After user unroll and inline pragmas are applied           |
| Performance/Pipeline | After performance and pipeline pragmas are applied         |
| Optimizations        | After high level synthesis optimizations                   |
+----------------------+------------------------------------------------------------+

* Design Size Message Settings
+---------------------------------------------+--------+------------------------------------------------------------------+
| Message Setting                             | Value  | Description                                                      |
+---------------------------------------------+--------+------------------------------------------------------------------+
| config_compile -design_size_maximum_warning | 100000 | Show a warning when total design instructions exceeds this value |
+---------------------------------------------+--------+------------------------------------------------------------------+


