

================================================================
== Vitis HLS Report for 'Block_entry1_proc'
================================================================
* Date:           Tue Jan  9 16:03:18 2024

* Version:        2023.1 (Build 3854077 on May  4 2023)
* Project:        edge_detector
* Solution:       solution1 (Vivado IP Flow Target)
* Product family: zynq
* Target device:  xc7z020-clg484-2


================================================================
== Performance Estimates
================================================================
+ Timing: 
    * Summary: 
    +--------+----------+----------+------------+
    |  Clock |  Target  | Estimated| Uncertainty|
    +--------+----------+----------+------------+
    |ap_clk  |  10.00 ns|      0 ns|     2.70 ns|
    +--------+----------+----------+------------+

+ Latency: 
    * Summary: 
    +---------+---------+----------+----------+-----+-----+---------+
    |  Latency (cycles) |  Latency (absolute) |  Interval | Pipeline|
    |   min   |   max   |    min   |    max   | min | max |   Type  |
    +---------+---------+----------+----------+-----+-----+---------+
    |        0|        0|      0 ns|      0 ns|    0|    0|       no|
    +---------+---------+----------+----------+-----+-----+---------+

    + Detail: 
        * Instance: 
        N/A

        * Loop: 
        N/A



================================================================
== Utilization Estimates
================================================================
* Summary: 
+-----------------+---------+-----+--------+-------+-----+
|       Name      | BRAM_18K| DSP |   FF   |  LUT  | URAM|
+-----------------+---------+-----+--------+-------+-----+
|DSP              |        -|    -|       -|      -|    -|
|Expression       |        -|    -|       0|      1|    -|
|FIFO             |        -|    -|       -|      -|    -|
|Instance         |        -|    -|       -|      -|    -|
|Memory           |        -|    -|       -|      -|    -|
|Multiplexer      |        -|    -|       -|     18|    -|
|Register         |        -|    -|      10|      -|    -|
+-----------------+---------+-----+--------+-------+-----+
|Total            |        0|    0|      10|     19|    0|
+-----------------+---------+-----+--------+-------+-----+
|Available        |      280|  220|  106400|  53200|    0|
+-----------------+---------+-----+--------+-------+-----+
|Utilization (%)  |        0|    0|      ~0|     ~0|    0|
+-----------------+---------+-----+--------+-------+-----+

+ Detail: 
    * Instance: 
    N/A

    * DSP: 
    N/A

    * Memory: 
    N/A

    * FIFO: 
    N/A

    * Expression: 
    +-----------------+----------+----+---+----+------------+------------+
    |  Variable Name  | Operation| DSP| FF| LUT| Bitwidth P0| Bitwidth P1|
    +-----------------+----------+----+---+----+------------+------------+
    |ap_block_state1  |        or|   0|  0|   1|           1|           1|
    +-----------------+----------+----+---+----+------------+------------+
    |Total            |          |   0|  0|   1|           1|           1|
    +-----------------+----------+----+---+----+------------+------------+

    * Multiplexer: 
    +-----------+----+-----------+-----+-----------+
    |    Name   | LUT| Input Size| Bits| Total Bits|
    +-----------+----+-----------+-----+-----------+
    |ap_done    |   9|          2|    1|          2|
    |ap_return  |   9|          2|    8|         16|
    +-----------+----+-----------+-----+-----------+
    |Total      |  18|          4|    9|         18|
    +-----------+----+-----------+-----+-----------+

    * Register: 
    +----------------+---+----+-----+-----------+
    |      Name      | FF| LUT| Bits| Const Bits|
    +----------------+---+----+-----+-----------+
    |ap_CS_fsm       |  1|   0|    1|          0|
    |ap_done_reg     |  1|   0|    1|          0|
    |ap_return_preg  |  8|   0|    8|          0|
    +----------------+---+----+-----+-----------+
    |Total           | 10|   0|   10|          0|
    +----------------+---+----+-----+-----------+



================================================================
== Interface
================================================================
* Summary: 
+-------------+-----+-----+------------+-------------------+--------------+
|  RTL Ports  | Dir | Bits|  Protocol  |   Source Object   |    C Type    |
+-------------+-----+-----+------------+-------------------+--------------+
|ap_clk       |   in|    1|  ap_ctrl_hs|  Block_entry1_proc|  return value|
|ap_rst       |   in|    1|  ap_ctrl_hs|  Block_entry1_proc|  return value|
|ap_start     |   in|    1|  ap_ctrl_hs|  Block_entry1_proc|  return value|
|ap_done      |  out|    1|  ap_ctrl_hs|  Block_entry1_proc|  return value|
|ap_continue  |   in|    1|  ap_ctrl_hs|  Block_entry1_proc|  return value|
|ap_idle      |  out|    1|  ap_ctrl_hs|  Block_entry1_proc|  return value|
|ap_ready     |  out|    1|  ap_ctrl_hs|  Block_entry1_proc|  return value|
|ap_return    |  out|    8|  ap_ctrl_hs|  Block_entry1_proc|  return value|
|threshold    |   in|    8|     ap_none|          threshold|        scalar|
+-------------+-----+-----+------------+-------------------+--------------+

