

================================================================
== Vitis HLS Report for 'xFSobelFilter3x3_0_0_1080_1920_1_0_0_1_2_2_2_1_1_1920_false_s'
================================================================
* Date:           Tue Jan  9 16:03:19 2024

* Version:        2023.1 (Build 3854077 on May  4 2023)
* Project:        edge_detector
* Solution:       solution1 (Vivado IP Flow Target)
* Product family: zynq
* Target device:  xc7z020-clg484-2


================================================================
== Performance Estimates
================================================================
+ Timing: 
    * Summary: 
    +--------+----------+----------+------------+
    |  Clock |  Target  | Estimated| Uncertainty|
    +--------+----------+----------+------------+
    |ap_clk  |  10.00 ns|  7.051 ns|     2.70 ns|
    +--------+----------+----------+------------+

+ Latency: 
    * Summary: 
    +---------+---------+-----------+-----------+---------+---------+---------+
    |  Latency (cycles) |   Latency (absolute)  |      Interval     | Pipeline|
    |   min   |   max   |    min    |    max    |   min   |   max   |   Type  |
    +---------+---------+-----------+-----------+---------+---------+---------+
    |  2086325|  2086325|  20.863 ms|  20.863 ms|  2086325|  2086325|       no|
    +---------+---------+-----------+-----------+---------+---------+---------+

    + Detail: 
        * Instance: 
        +-----------------------------------------------------+------------------------------------------+---------+---------+-----------+-----------+------+------+---------+
        |                                                     |                                          |  Latency (cycles) |   Latency (absolute)  |   Interval  | Pipeline|
        |                       Instance                      |                  Module                  |   min   |   max   |    min    |    max    |  min |  max |   Type  |
        +-----------------------------------------------------+------------------------------------------+---------+---------+-----------+-----------+------+------+---------+
        |grp_xFSobelFilter3x3_Pipeline_Clear_Row_Loop_fu_136  |xFSobelFilter3x3_Pipeline_Clear_Row_Loop  |     1922|     1922|  19.220 us|  19.220 us|  1922|  1922|       no|
        |grp_xFSobelFilter3x3_Pipeline_Col_Loop_fu_146        |xFSobelFilter3x3_Pipeline_Col_Loop        |     1926|     1926|  19.260 us|  19.260 us|  1926|  1926|       no|
        |ref_tmp_xFGradientX3x3_0_0_s_fu_169                  |xFGradientX3x3_0_0_s                      |        0|        0|       0 ns|       0 ns|     1|     1|      yes|
        |grp_xFGradientY3x3_0_0_s_fu_182                      |xFGradientY3x3_0_0_s                      |        1|        1|  10.000 ns|  10.000 ns|     1|     1|      yes|
        +-----------------------------------------------------+------------------------------------------+---------+---------+-----------+-----------+------+------+---------+

        * Loop: 
        +------------+---------+---------+----------+-----------+-----------+------+----------+
        |            |  Latency (cycles) | Iteration|  Initiation Interval  | Trip |          |
        |  Loop Name |   min   |   max   |  Latency |  achieved |   target  | Count| Pipelined|
        +------------+---------+---------+----------+-----------+-----------+------+----------+
        |- Row_Loop  |  2084400|  2084400|      1930|          -|          -|  1080|        no|
        +------------+---------+---------+----------+-----------+-----------+------+----------+



================================================================
== Utilization Estimates
================================================================
* Summary: 
+-----------------+---------+-----+--------+-------+-----+
|       Name      | BRAM_18K| DSP |   FF   |  LUT  | URAM|
+-----------------+---------+-----+--------+-------+-----+
|DSP              |        -|    -|       -|      -|    -|
|Expression       |        -|    -|       0|    135|    -|
|FIFO             |        -|    -|       -|      -|    -|
|Instance         |        -|    -|     334|    794|    -|
|Memory           |        3|    -|       0|      0|    -|
|Multiplexer      |        -|    -|       -|    266|    -|
|Register         |        -|    -|      58|      -|    -|
+-----------------+---------+-----+--------+-------+-----+
|Total            |        3|    0|     392|   1195|    0|
+-----------------+---------+-----+--------+-------+-----+
|Available        |      280|  220|  106400|  53200|    0|
+-----------------+---------+-----+--------+-------+-----+
|Utilization (%)  |        1|    0|      ~0|      2|    0|
+-----------------+---------+-----+--------+-------+-----+

+ Detail: 
    * Instance: 
    +-----------------------------------------------------+------------------------------------------+---------+----+-----+-----+-----+
    |                       Instance                      |                  Module                  | BRAM_18K| DSP|  FF | LUT | URAM|
    +-----------------------------------------------------+------------------------------------------+---------+----+-----+-----+-----+
    |ref_tmp_xFGradientX3x3_0_0_s_fu_169                  |xFGradientX3x3_0_0_s                      |        0|   0|    0|   83|    0|
    |grp_xFGradientY3x3_0_0_s_fu_182                      |xFGradientY3x3_0_0_s                      |        0|   0|   19|   96|    0|
    |grp_xFSobelFilter3x3_Pipeline_Clear_Row_Loop_fu_136  |xFSobelFilter3x3_Pipeline_Clear_Row_Loop  |        0|   0|   25|   70|    0|
    |grp_xFSobelFilter3x3_Pipeline_Col_Loop_fu_146        |xFSobelFilter3x3_Pipeline_Col_Loop        |        0|   0|  290|  545|    0|
    +-----------------------------------------------------+------------------------------------------+---------+----+-----+-----+-----+
    |Total                                                |                                          |        0|   0|  334|  794|    0|
    +-----------------------------------------------------+------------------------------------------+---------+----+-----+-----+-----+

    * DSP: 
    N/A

    * Memory: 
    +---------+----------------------------------------------------------------------------------+---------+---+----+-----+------+-----+------+-------------+
    |  Memory |                                      Module                                      | BRAM_18K| FF| LUT| URAM| Words| Bits| Banks| W*Bits*Banks|
    +---------+----------------------------------------------------------------------------------+---------+---+----+-----+------+-----+------+-------------+
    |buf_U    |xFSobelFilter3x3_0_0_1080_1920_1_0_0_1_2_2_2_1_1_1920_false_s_buf_RAM_S2P_BRAbkb  |        1|  0|   0|    0|  1920|    8|     1|        15360|
    |buf_1_U  |xFSobelFilter3x3_0_0_1080_1920_1_0_0_1_2_2_2_1_1_1920_false_s_buf_RAM_S2P_BRAbkb  |        1|  0|   0|    0|  1920|    8|     1|        15360|
    |buf_2_U  |xFSobelFilter3x3_0_0_1080_1920_1_0_0_1_2_2_2_1_1_1920_false_s_buf_RAM_S2P_BRAbkb  |        1|  0|   0|    0|  1920|    8|     1|        15360|
    +---------+----------------------------------------------------------------------------------+---------+---+----+-----+------+-----+------+-------------+
    |Total    |                                                                                  |        3|  0|   0|    0|  5760|   24|     3|        46080|
    +---------+----------------------------------------------------------------------------------+---------+---+----+-----+------+-----+------+-------------+

    * FIFO: 
    N/A

    * Expression: 
    +--------------------------+----------+----+---+----+------------+------------+
    |       Variable Name      | Operation| DSP| FF| LUT| Bitwidth P0| Bitwidth P1|
    +--------------------------+----------+----+---+----+------------+------------+
    |row_3_fu_365_p2           |         +|   0|  0|  11|          11|           1|
    |row_ind_1_fu_345_p2       |         +|   0|  0|  13|          13|           1|
    |cmp_i_i603_i_fu_338_p2    |      icmp|   0|  0|  11|          11|          11|
    |icmp_ln366_fu_208_p2      |      icmp|   0|  0|  11|          11|          11|
    |icmp_ln370_1_fu_245_p2    |      icmp|   0|  0|  13|          13|           1|
    |icmp_ln370_2_fu_251_p2    |      icmp|   0|  0|  13|          13|           1|
    |icmp_ln370_fu_231_p2      |      icmp|   0|  0|  13|          13|           2|
    |icmp_ln458_fu_351_p2      |      icmp|   0|  0|  13|          13|           2|
    |ap_block_state1           |        or|   0|  0|   1|           1|           1|
    |ap_block_state7           |        or|   0|  0|   1|           1|           1|
    |empty_40_fu_261_p2        |        or|   0|  0|   1|           1|           1|
    |empty_42_fu_292_p2        |        or|   0|  0|   1|           1|           1|
    |empty_44_fu_323_p2        |        or|   0|  0|   1|           1|           1|
    |bottom_1_fu_267_p3        |    select|   0|  0|   2|           1|           2|
    |empty_41_fu_284_p3        |    select|   0|  0|   3|           1|           1|
    |empty_43_fu_315_p3        |    select|   0|  0|   3|           1|           3|
    |mid_1_fu_298_p3           |    select|   0|  0|   2|           1|           2|
    |row_ind_2_fu_357_p3       |    select|   0|  0|  13|           1|           1|
    |select_ln370_1_fu_276_p3  |    select|   0|  0|   2|           1|           1|
    |select_ln370_2_fu_307_p3  |    select|   0|  0|   2|           1|           1|
    |select_ln370_fu_237_p3    |    select|   0|  0|   3|           1|           3|
    |tp_1_fu_329_p3            |    select|   0|  0|   2|           1|           2|
    +--------------------------+----------+----+---+----+------------+------------+
    |Total                     |          |   0|  0| 135|         112|          51|
    +--------------------------+----------+----+---+----+------------+------------+

    * Multiplexer: 
    +-----------------------+----+-----------+-----+-----------+
    |          Name         | LUT| Input Size| Bits| Total Bits|
    +-----------------------+----+-----------+-----+-----------+
    |ap_NS_fsm              |  33|          8|    1|          8|
    |ap_done                |   9|          2|    1|          2|
    |buf_1_address1         |  13|          3|   11|         33|
    |buf_1_ce0              |   9|          2|    1|          2|
    |buf_1_ce1              |  13|          3|    1|          3|
    |buf_1_d1               |  13|          3|    8|         24|
    |buf_1_we1              |  13|          3|    1|          3|
    |buf_address1           |  13|          3|   11|         33|
    |buf_ce0                |   9|          2|    1|          2|
    |buf_ce1                |  13|          3|    1|          3|
    |buf_d1                 |  13|          3|    8|         24|
    |buf_we1                |  13|          3|    1|          3|
    |grayImg_data_read      |  13|          3|    1|          3|
    |real_start             |   9|          2|    1|          2|
    |row_fu_74              |   9|          2|   11|         22|
    |row_ind_fu_70          |   9|          2|   13|         26|
    |sobelImg_x_data_blk_n  |   9|          2|    1|          2|
    |sobelImg_x_data_din    |   9|          2|    8|         16|
    |sobelImg_x_data_write  |  13|          3|    1|          3|
    |sobelImg_y_data_blk_n  |   9|          2|    1|          2|
    |sobelImg_y_data_din    |   9|          2|    8|         16|
    |sobelImg_y_data_write  |  13|          3|    1|          3|
    +-----------------------+----+-----------+-----+-----------+
    |Total                  | 266|         61|   92|        235|
    +-----------------------+----+-----------+-----+-----------+

    * Register: 
    +------------------------------------------------------------------+----+----+-----+-----------+
    |                               Name                               | FF | LUT| Bits| Const Bits|
    +------------------------------------------------------------------+----+----+-----+-----------+
    |ap_CS_fsm                                                         |   7|   0|    7|          0|
    |ap_done_reg                                                       |   1|   0|    1|          0|
    |bottom_1_reg_488                                                  |   2|   0|    2|          0|
    |bottom_fu_86                                                      |   2|   0|    2|          0|
    |cmp_i_i603_i_reg_503                                              |   1|   0|    1|          0|
    |grp_xFSobelFilter3x3_Pipeline_Clear_Row_Loop_fu_136_ap_start_reg  |   1|   0|    1|          0|
    |grp_xFSobelFilter3x3_Pipeline_Col_Loop_fu_146_ap_start_reg        |   1|   0|    1|          0|
    |mid_1_reg_493                                                     |   2|   0|    2|          0|
    |mid_fu_82                                                         |   2|   0|    2|          0|
    |ref_tmp_reg_508                                                   |   8|   0|    8|          0|
    |row_fu_74                                                         |  11|   0|   11|          0|
    |row_ind_fu_70                                                     |  13|   0|   13|          0|
    |start_once_reg                                                    |   1|   0|    1|          0|
    |tp_1_reg_498                                                      |   2|   0|    2|          0|
    |tp_fu_78                                                          |   2|   0|    2|          0|
    |trunc_ln311_reg_483                                               |   2|   0|    2|          0|
    +------------------------------------------------------------------+----+----+-----+-----------+
    |Total                                                             |  58|   0|   58|          0|
    +------------------------------------------------------------------+----+----+-----+-----------+



================================================================
== Interface
================================================================
* Summary: 
+--------------------------------+-----+-----+------------+----------------------------------------------------------------------------+--------------+
|            RTL Ports           | Dir | Bits|  Protocol  |                                Source Object                               |    C Type    |
+--------------------------------+-----+-----+------------+----------------------------------------------------------------------------+--------------+
|ap_clk                          |   in|    1|  ap_ctrl_hs|  xFSobelFilter3x3<0, 0, 1080, 1920, 1, 0, 0, 1, 2, 2, 2, 1, 1, 1920, false>|  return value|
|ap_rst                          |   in|    1|  ap_ctrl_hs|  xFSobelFilter3x3<0, 0, 1080, 1920, 1, 0, 0, 1, 2, 2, 2, 1, 1, 1920, false>|  return value|
|ap_start                        |   in|    1|  ap_ctrl_hs|  xFSobelFilter3x3<0, 0, 1080, 1920, 1, 0, 0, 1, 2, 2, 2, 1, 1, 1920, false>|  return value|
|start_full_n                    |   in|    1|  ap_ctrl_hs|  xFSobelFilter3x3<0, 0, 1080, 1920, 1, 0, 0, 1, 2, 2, 2, 1, 1, 1920, false>|  return value|
|ap_done                         |  out|    1|  ap_ctrl_hs|  xFSobelFilter3x3<0, 0, 1080, 1920, 1, 0, 0, 1, 2, 2, 2, 1, 1, 1920, false>|  return value|
|ap_continue                     |   in|    1|  ap_ctrl_hs|  xFSobelFilter3x3<0, 0, 1080, 1920, 1, 0, 0, 1, 2, 2, 2, 1, 1, 1920, false>|  return value|
|ap_idle                         |  out|    1|  ap_ctrl_hs|  xFSobelFilter3x3<0, 0, 1080, 1920, 1, 0, 0, 1, 2, 2, 2, 1, 1, 1920, false>|  return value|
|ap_ready                        |  out|    1|  ap_ctrl_hs|  xFSobelFilter3x3<0, 0, 1080, 1920, 1, 0, 0, 1, 2, 2, 2, 1, 1, 1920, false>|  return value|
|start_out                       |  out|    1|  ap_ctrl_hs|  xFSobelFilter3x3<0, 0, 1080, 1920, 1, 0, 0, 1, 2, 2, 2, 1, 1, 1920, false>|  return value|
|start_write                     |  out|    1|  ap_ctrl_hs|  xFSobelFilter3x3<0, 0, 1080, 1920, 1, 0, 0, 1, 2, 2, 2, 1, 1, 1920, false>|  return value|
|grayImg_data_dout               |   in|    8|     ap_fifo|                                                                grayImg_data|       pointer|
|grayImg_data_num_data_valid     |   in|    2|     ap_fifo|                                                                grayImg_data|       pointer|
|grayImg_data_fifo_cap           |   in|    2|     ap_fifo|                                                                grayImg_data|       pointer|
|grayImg_data_empty_n            |   in|    1|     ap_fifo|                                                                grayImg_data|       pointer|
|grayImg_data_read               |  out|    1|     ap_fifo|                                                                grayImg_data|       pointer|
|sobelImg_x_data_din             |  out|    8|     ap_fifo|                                                             sobelImg_x_data|       pointer|
|sobelImg_x_data_num_data_valid  |   in|    2|     ap_fifo|                                                             sobelImg_x_data|       pointer|
|sobelImg_x_data_fifo_cap        |   in|    2|     ap_fifo|                                                             sobelImg_x_data|       pointer|
|sobelImg_x_data_full_n          |   in|    1|     ap_fifo|                                                             sobelImg_x_data|       pointer|
|sobelImg_x_data_write           |  out|    1|     ap_fifo|                                                             sobelImg_x_data|       pointer|
|sobelImg_y_data_din             |  out|    8|     ap_fifo|                                                             sobelImg_y_data|       pointer|
|sobelImg_y_data_num_data_valid  |   in|    2|     ap_fifo|                                                             sobelImg_y_data|       pointer|
|sobelImg_y_data_fifo_cap        |   in|    2|     ap_fifo|                                                             sobelImg_y_data|       pointer|
|sobelImg_y_data_full_n          |   in|    1|     ap_fifo|                                                             sobelImg_y_data|       pointer|
|sobelImg_y_data_write           |  out|    1|     ap_fifo|                                                             sobelImg_y_data|       pointer|
+--------------------------------+-----+-----+------------+----------------------------------------------------------------------------+--------------+

